[[1;34mINFO[m] Scanning for projects...
[[1;34mINFO[m] 
[[1;34mINFO[m] [1m--------------------------< [0;36mcom.nanas:nanas[0;1m >---------------------------[m
[[1;34mINFO[m] [1mBuilding nanas 0.0.1-SNAPSHOT[m
[[1;34mINFO[m] [1m--------------------------------[ jar ]---------------------------------[m
Downloading from central: https://repo.maven.apache.org/maven2/io/netty/netty-common/4.1.101.Final/netty-common-4.1.101.Final.jar
Downloading from central: https://repo.maven.apache.org/maven2/io/netty/netty-codec/4.1.101.Final/netty-codec-4.1.101.Final.jar
Downloading from central: https://repo.maven.apache.org/maven2/io/netty/netty-buffer/4.1.101.Final/netty-buffer-4.1.101.Final.jar
Downloading from central: https://repo.maven.apache.org/maven2/io/netty/netty-handler/4.1.101.Final/netty-handler-4.1.101.Final.jar
Downloading from central: https://repo.maven.apache.org/maven2/io/netty/netty-resolver/4.1.101.Final/netty-resolver-4.1.101.Final.jar
Progress (1): 2.3/38 kBProgress (1): 5.0/38 kBProgress (1): 7.7/38 kBProgress (1): 10/38 kB Progress (1): 13/38 kBProgress (1): 16/38 kBProgress (1): 19/38 kBProgress (1): 21/38 kBProgress (1): 24/38 kBProgress (1): 27/38 kBProgress (1): 30/38 kBProgress (1): 33/38 kBProgress (1): 36/38 kBProgress (1): 38 kB                      Downloaded from central: https://repo.maven.apache.org/maven2/io/netty/netty-resolver/4.1.101.Final/netty-resolver-4.1.101.Final.jar (38 kB at 97 kB/s)
Downloading from central: https://repo.maven.apache.org/maven2/io/netty/netty-transport-native-unix-common/4.1.101.Final/netty-transport-native-unix-common-4.1.101.Final.jar
Progress (1): 2.3/44 kBProgress (1): 5.0/44 kBProgress (1): 7.7/44 kBProgress (1): 10/44 kB Progress (1): 13/44 kBProgress (1): 17/44 kBProgress (1): 20/44 kBProgress (1): 24/44 kBProgress (1): 28/44 kBProgress (1): 32/44 kBProgress (1): 37/44 kBProgress (1): 41/44 kBProgress (1): 44 kB                      Downloaded from central: https://repo.maven.apache.org/maven2/io/netty/netty-transport-native-unix-common/4.1.101.Final/netty-transport-native-unix-common-4.1.101.Final.jar (44 kB at 96 kB/s)
Downloading from central: https://repo.maven.apache.org/maven2/io/netty/netty-transport/4.1.101.Final/netty-transport-4.1.101.Final.jar
Progress (1): 3.8/497 kBProgress (1): 7.9/497 kBProgress (1): 12/497 kB Progress (1): 16/497 kBProgress (1): 20/497 kBProgress (1): 24/497 kBProgress (1): 28/497 kBProgress (1): 32/497 kBProgress (1): 37/497 kBProgress (1): 41/497 kBProgress (1): 45/497 kBProgress (1): 49/497 kBProgress (1): 53/497 kBProgress (1): 57/497 kBProgress (1): 61/497 kBProgress (1): 65/497 kBProgress (1): 69/497 kBProgress (1): 73/497 kBProgress (1): 77/497 kBProgress (1): 82/497 kBProgress (1): 86/497 kBProgress (1): 90/497 kBProgress (1): 94/497 kBProgress (1): 98/497 kBProgress (1): 102/497 kBProgress (1): 106/497 kBProgress (1): 110/497 kBProgress (1): 114/497 kBProgress (1): 118/497 kBProgress (1): 123/497 kBProgress (1): 127/497 kBProgress (1): 131/497 kBProgress (1): 135/497 kBProgress (1): 139/497 kBProgress (1): 143/497 kBProgress (1): 147/497 kBProgress (1): 151/497 kBProgress (1): 155/497 kBProgress (1): 159/497 kBProgress (1): 163/497 kBProgress (1): 168/497 kBProgress (1): 172/497 kBProgress (1): 176/497 kBProgress (1): 180/497 kBProgress (1): 184/497 kBProgress (1): 188/497 kBProgress (1): 192/497 kBProgress (1): 196/497 kBProgress (1): 200/497 kBProgress (1): 204/497 kBProgress (1): 209/497 kBProgress (1): 213/497 kBProgress (1): 217/497 kBProgress (1): 221/497 kBProgress (1): 225/497 kBProgress (1): 229/497 kBProgress (1): 233/497 kBProgress (1): 237/497 kBProgress (1): 241/497 kBProgress (1): 245/497 kBProgress (1): 250/497 kBProgress (1): 254/497 kBProgress (1): 258/497 kBProgress (1): 262/497 kBProgress (1): 266/497 kBProgress (1): 270/497 kBProgress (1): 274/497 kBProgress (1): 278/497 kBProgress (1): 282/497 kBProgress (1): 286/497 kBProgress (1): 290/497 kBProgress (1): 295/497 kBProgress (1): 299/497 kBProgress (1): 303/497 kBProgress (1): 307/497 kBProgress (1): 311/497 kBProgress (1): 315/497 kBProgress (1): 319/497 kBProgress (1): 323/497 kBProgress (1): 327/497 kBProgress (1): 331/497 kBProgress (1): 336/497 kBProgress (1): 340/497 kBProgress (1): 344/497 kBProgress (1): 348/497 kBProgress (1): 352/497 kBProgress (1): 356/497 kBProgress (1): 360/497 kBProgress (1): 364/497 kBProgress (1): 368/497 kBProgress (1): 372/497 kBProgress (1): 376/497 kBProgress (1): 381/497 kBProgress (1): 385/497 kBProgress (1): 389/497 kBProgress (1): 393/497 kBProgress (1): 397/497 kBProgress (1): 401/497 kBProgress (1): 405/497 kBProgress (1): 409/497 kBProgress (1): 413/497 kBProgress (1): 417/497 kBProgress (1): 422/497 kBProgress (1): 426/497 kBProgress (1): 430/497 kBProgress (1): 434/497 kBProgress (1): 438/497 kBProgress (1): 442/497 kBProgress (1): 446/497 kBProgress (1): 450/497 kBProgress (1): 454/497 kBProgress (1): 458/497 kBProgress (1): 463/497 kBProgress (1): 467/497 kBProgress (1): 471/497 kBProgress (1): 475/497 kBProgress (1): 479/497 kBProgress (1): 483/497 kBProgress (1): 487/497 kBProgress (1): 491/497 kBProgress (1): 495/497 kBProgress (1): 497 kB                        Downloaded from central: https://repo.maven.apache.org/maven2/io/netty/netty-transport/4.1.101.Final/netty-transport-4.1.101.Final.jar (497 kB at 881 kB/s)
Downloaded from central: https://repo.maven.apache.org/maven2/io/netty/netty-codec/4.1.101.Final/netty-codec-4.1.101.Final.jar (0 B at 0 B/s)
Downloaded from central: https://repo.maven.apache.org/maven2/io/netty/netty-buffer/4.1.101.Final/netty-buffer-4.1.101.Final.jar (0 B at 0 B/s)
Downloaded from central: https://repo.maven.apache.org/maven2/io/netty/netty-handler/4.1.101.Final/netty-handler-4.1.101.Final.jar (0 B at 0 B/s)
Downloaded from central: https://repo.maven.apache.org/maven2/io/netty/netty-common/4.1.101.Final/netty-common-4.1.101.Final.jar (0 B at 0 B/s)
[[1;34mINFO[m] 
[[1;34mINFO[m] [1m--- [0;32mmaven-clean-plugin:3.2.0:clean[m [1m(default-clean)[m @ [36mnanas[0;1m ---[m
Downloading from central: https://repo.maven.apache.org/maven2/org/apache/maven/shared/maven-shared-utils/3.3.4/maven-shared-utils-3.3.4.pom
Progress (1): 4.1 kBProgress (1): 5.8 kB                    Downloaded from central: https://repo.maven.apache.org/maven2/org/apache/maven/shared/maven-shared-utils/3.3.4/maven-shared-utils-3.3.4.pom (5.8 kB at 93 kB/s)
Downloading from central: https://repo.maven.apache.org/maven2/org/apache/maven/shared/maven-shared-components/34/maven-shared-components-34.pom
Progress (1): 4.1 kBProgress (1): 5.1 kB                    Downloaded from central: https://repo.maven.apache.org/maven2/org/apache/maven/shared/maven-shared-components/34/maven-shared-components-34.pom (5.1 kB at 74 kB/s)
Downloading from central: https://repo.maven.apache.org/maven2/commons-io/commons-io/2.6/commons-io-2.6.pom
Downloaded from central: https://repo.maven.apache.org/maven2/commons-io/commons-io/2.6/commons-io-2.6.pom (0 B at 0 B/s)
Downloading from central: https://repo.maven.apache.org/maven2/org/apache/commons/commons-parent/42/commons-parent-42.pom
Downloaded from central: https://repo.maven.apache.org/maven2/org/apache/commons/commons-parent/42/commons-parent-42.pom (0 B at 0 B/s)
Downloading from central: https://repo.maven.apache.org/maven2/org/apache/maven/shared/maven-shared-utils/3.3.4/maven-shared-utils-3.3.4.jar
Downloading from central: https://repo.maven.apache.org/maven2/commons-io/commons-io/2.6/commons-io-2.6.jar
Downloading from central: https://repo.maven.apache.org/maven2/org/codehaus/plexus/plexus-utils/1.1/plexus-utils-1.1.jar
Downloaded from central: https://repo.maven.apache.org/maven2/org/apache/maven/shared/maven-shared-utils/3.3.4/maven-shared-utils-3.3.4.jar (0 B at 0 B/s)
Downloaded from central: https://repo.maven.apache.org/maven2/org/codehaus/plexus/plexus-utils/1.1/plexus-utils-1.1.jar (0 B at 0 B/s)
Downloaded from central: https://repo.maven.apache.org/maven2/commons-io/commons-io/2.6/commons-io-2.6.jar (0 B at 0 B/s)
[[1;34mINFO[m] 
[[1;34mINFO[m] [1m--- [0;32mmaven-resources-plugin:3.2.0:resources[m [1m(default-resources)[m @ [36mnanas[0;1m ---[m
Downloading from central: https://repo.maven.apache.org/maven2/org/apache/maven/maven/3.1.0/maven-3.1.0.pom
Downloaded from central: https://repo.maven.apache.org/maven2/org/apache/maven/maven/3.1.0/maven-3.1.0.pom (0 B at 0 B/s)
Downloading from central: https://repo.maven.apache.org/maven2/org/codehaus/plexus/plexus-utils/3.0.10/plexus-utils-3.0.10.pom
Downloaded from central: https://repo.maven.apache.org/maven2/org/codehaus/plexus/plexus-utils/3.0.10/plexus-utils-3.0.10.pom (0 B at 0 B/s)
Downloading from central: https://repo.maven.apache.org/maven2/org/sonatype/spice/spice-parent/17/spice-parent-17.pom
Downloaded from central: https://repo.maven.apache.org/maven2/org/sonatype/spice/spice-parent/17/spice-parent-17.pom (0 B at 0 B/s)
Downloading from central: https://repo.maven.apache.org/maven2/org/apache/maven/maven-artifact/3.1.0/maven-artifact-3.1.0.pom
Downloaded from central: https://repo.maven.apache.org/maven2/org/apache/maven/maven-artifact/3.1.0/maven-artifact-3.1.0.pom (0 B at 0 B/s)
Downloading from central: https://repo.maven.apache.org/maven2/org/eclipse/sisu/sisu-plexus/0.0.0.M2a/sisu-plexus-0.0.0.M2a.pom
Downloaded from central: https://repo.maven.apache.org/maven2/org/eclipse/sisu/sisu-plexus/0.0.0.M2a/sisu-plexus-0.0.0.M2a.pom (0 B at 0 B/s)
Downloading from central: https://repo.maven.apache.org/maven2/org/jboss/weld/weld-api-parent/1.0/weld-api-parent-1.0.pom
Downloaded from central: https://repo.maven.apache.org/maven2/org/jboss/weld/weld-api-parent/1.0/weld-api-parent-1.0.pom (0 B at 0 B/s)
Downloading from central: https://repo.maven.apache.org/maven2/org/jboss/weld/weld-parent/6/weld-parent-6.pom
Downloaded from central: https://repo.maven.apache.org/maven2/org/jboss/weld/weld-parent/6/weld-parent-6.pom (0 B at 0 B/s)
Downloading from central: https://repo.maven.apache.org/maven2/javax/annotation/jsr250-api/1.0/jsr250-api-1.0.pom
Downloaded from central: https://repo.maven.apache.org/maven2/javax/annotation/jsr250-api/1.0/jsr250-api-1.0.pom (0 B at 0 B/s)
Downloading from central: https://repo.maven.apache.org/maven2/com/google/guava/guava-parent/10.0.1/guava-parent-10.0.1.pom
Downloaded from central: https://repo.maven.apache.org/maven2/com/google/guava/guava-parent/10.0.1/guava-parent-10.0.1.pom (0 B at 0 B/s)
Downloading from central: https://repo.maven.apache.org/maven2/org/sonatype/sisu/sisu-guice/3.1.0/sisu-guice-3.1.0.pom
Downloaded from central: https://repo.maven.apache.org/maven2/org/sonatype/sisu/sisu-guice/3.1.0/sisu-guice-3.1.0.pom (0 B at 0 B/s)
Downloading from central: https://repo.maven.apache.org/maven2/aopalliance/aopalliance/1.0/aopalliance-1.0.pom
Downloaded from central: https://repo.maven.apache.org/maven2/aopalliance/aopalliance/1.0/aopalliance-1.0.pom (0 B at 0 B/s)
Downloading from central: https://repo.maven.apache.org/maven2/org/eclipse/sisu/sisu-inject/0.0.0.M2a/sisu-inject-0.0.0.M2a.pom
Downloaded from central: https://repo.maven.apache.org/maven2/org/eclipse/sisu/sisu-inject/0.0.0.M2a/sisu-inject-0.0.0.M2a.pom (0 B at 0 B/s)
Downloading from central: https://repo.maven.apache.org/maven2/org/codehaus/plexus/plexus-containers/2.0.0/plexus-containers-2.0.0.pom
Downloaded from central: https://repo.maven.apache.org/maven2/org/codehaus/plexus/plexus-containers/2.0.0/plexus-containers-2.0.0.pom (0 B at 0 B/s)
Downloading from central: https://repo.maven.apache.org/maven2/org/codehaus/plexus/plexus/2.0.7/plexus-2.0.7.pom
Downloaded from central: https://repo.maven.apache.org/maven2/org/codehaus/plexus/plexus/2.0.7/plexus-2.0.7.pom (0 B at 0 B/s)
Downloading from central: https://repo.maven.apache.org/maven2/org/sonatype/spice/spice-parent/16/spice-parent-16.pom
Downloaded from central: https://repo.maven.apache.org/maven2/org/sonatype/spice/spice-parent/16/spice-parent-16.pom (0 B at 0 B/s)
Downloading from central: https://repo.maven.apache.org/maven2/org/apache/maven/maven-settings/3.1.0/maven-settings-3.1.0.pom
Downloaded from central: https://repo.maven.apache.org/maven2/org/apache/maven/maven-settings/3.1.0/maven-settings-3.1.0.pom (0 B at 0 B/s)
Downloading from central: https://repo.maven.apache.org/maven2/org/codehaus/plexus/plexus-interpolation/1.16/plexus-interpolation-1.16.pom
Downloaded from central: https://repo.maven.apache.org/maven2/org/codehaus/plexus/plexus-interpolation/1.16/plexus-interpolation-1.16.pom (0 B at 0 B/s)
Downloading from central: https://repo.maven.apache.org/maven2/org/sonatype/plexus/plexus-sec-dispatcher/1.3/plexus-sec-dispatcher-1.3.pom
Downloaded from central: https://repo.maven.apache.org/maven2/org/sonatype/plexus/plexus-sec-dispatcher/1.3/plexus-sec-dispatcher-1.3.pom (0 B at 0 B/s)
Downloading from central: https://repo.maven.apache.org/maven2/org/sonatype/forge/forge-parent/4/forge-parent-4.pom
Downloaded from central: https://repo.maven.apache.org/maven2/org/sonatype/forge/forge-parent/4/forge-parent-4.pom (0 B at 0 B/s)
Downloading from central: https://repo.maven.apache.org/maven2/org/codehaus/plexus/plexus/1.0.11/plexus-1.0.11.pom
Progress (1): 4.1 kBProgress (1): 8.2 kBProgress (1): 9.0 kB                    Downloaded from central: https://repo.maven.apache.org/maven2/org/codehaus/plexus/plexus/1.0.11/plexus-1.0.11.pom (9.0 kB at 64 kB/s)
Downloading from central: https://repo.maven.apache.org/maven2/org/sonatype/plexus/plexus-cipher/1.4/plexus-cipher-1.4.pom
Progress (1): 2.1 kB                    Downloaded from central: https://repo.maven.apache.org/maven2/org/sonatype/plexus/plexus-cipher/1.4/plexus-cipher-1.4.pom (2.1 kB at 11 kB/s)
Downloading from central: https://repo.maven.apache.org/maven2/org/apache/maven/maven-repository-metadata/3.1.0/maven-repository-metadata-3.1.0.pom
Progress (1): 1.9 kB                    Downloaded from central: https://repo.maven.apache.org/maven2/org/apache/maven/maven-repository-metadata/3.1.0/maven-repository-metadata-3.1.0.pom (1.9 kB at 12 kB/s)
Downloading from central: https://repo.maven.apache.org/maven2/org/apache/maven/maven-model-builder/3.1.0/maven-model-builder-3.1.0.pom
Progress (1): 2.5 kB                    Downloaded from central: https://repo.maven.apache.org/maven2/org/apache/maven/maven-model-builder/3.1.0/maven-model-builder-3.1.0.pom (2.5 kB at 18 kB/s)
Downloading from central: https://repo.maven.apache.org/maven2/org/apache/maven/maven-aether-provider/3.1.0/maven-aether-provider-3.1.0.pom
Progress (1): 3.5 kB                    Downloaded from central: https://repo.maven.apache.org/maven2/org/apache/maven/maven-aether-provider/3.1.0/maven-aether-provider-3.1.0.pom (3.5 kB at 35 kB/s)
Downloading from central: https://repo.maven.apache.org/maven2/org/eclipse/aether/aether-api/0.9.0.M2/aether-api-0.9.0.M2.pom
Progress (1): 1.7 kB                    Downloaded from central: https://repo.maven.apache.org/maven2/org/eclipse/aether/aether-api/0.9.0.M2/aether-api-0.9.0.M2.pom (1.7 kB at 14 kB/s)
Downloading from central: https://repo.maven.apache.org/maven2/org/eclipse/aether/aether/0.9.0.M2/aether-0.9.0.M2.pom
Progress (1): 4.1 kBProgress (1): 8.2 kBProgress (1): 12 kB Progress (1): 16 kBProgress (1): 20 kBProgress (1): 25 kBProgress (1): 28 kB                   Downloaded from central: https://repo.maven.apache.org/maven2/org/eclipse/aether/aether/0.9.0.M2/aether-0.9.0.M2.pom (28 kB at 328 kB/s)
Downloading from central: https://repo.maven.apache.org/maven2/org/eclipse/aether/aether-spi/0.9.0.M2/aether-spi-0.9.0.M2.pom
Progress (1): 1.8 kB                    Downloaded from central: https://repo.maven.apache.org/maven2/org/eclipse/aether/aether-spi/0.9.0.M2/aether-spi-0.9.0.M2.pom (1.8 kB at 18 kB/s)
Downloading from central: https://repo.maven.apache.org/maven2/org/eclipse/aether/aether-util/0.9.0.M2/aether-util-0.9.0.M2.pom
Progress (1): 2.0 kB                    Downloaded from central: https://repo.maven.apache.org/maven2/org/eclipse/aether/aether-util/0.9.0.M2/aether-util-0.9.0.M2.pom (2.0 kB at 21 kB/s)
Downloading from central: https://repo.maven.apache.org/maven2/org/eclipse/aether/aether-impl/0.9.0.M2/aether-impl-0.9.0.M2.pom
Progress (1): 3.3 kB                    Downloaded from central: https://repo.maven.apache.org/maven2/org/eclipse/aether/aether-impl/0.9.0.M2/aether-impl-0.9.0.M2.pom (3.3 kB at 32 kB/s)
Downloading from central: https://repo.maven.apache.org/maven2/org/codehaus/plexus/plexus-classworlds/2.4.2/plexus-classworlds-2.4.2.pom
Progress (1): 3.5 kB                    Downloaded from central: https://repo.maven.apache.org/maven2/org/codehaus/plexus/plexus-classworlds/2.4.2/plexus-classworlds-2.4.2.pom (3.5 kB at 41 kB/s)
Downloading from central: https://repo.maven.apache.org/maven2/org/codehaus/plexus/plexus/3.0.1/plexus-3.0.1.pom
Progress (1): 4.1 kBProgress (1): 8.2 kBProgress (1): 12 kB Progress (1): 16 kBProgress (1): 19 kB                   Downloaded from central: https://repo.maven.apache.org/maven2/org/codehaus/plexus/plexus/3.0.1/plexus-3.0.1.pom (19 kB at 188 kB/s)
Downloading from central: https://repo.maven.apache.org/maven2/org/apache/maven/shared/maven-filtering/3.2.0/maven-filtering-3.2.0.pom
Progress (1): 4.1 kBProgress (1): 6.8 kB                    Downloaded from central: https://repo.maven.apache.org/maven2/org/apache/maven/shared/maven-filtering/3.2.0/maven-filtering-3.2.0.pom (6.8 kB at 64 kB/s)
Downloading from central: https://repo.maven.apache.org/maven2/org/apache/maven/shared/maven-shared-utils/3.3.3/maven-shared-utils-3.3.3.pom
Progress (1): 4.1 kBProgress (1): 5.8 kB                    Downloaded from central: https://repo.maven.apache.org/maven2/org/apache/maven/shared/maven-shared-utils/3.3.3/maven-shared-utils-3.3.3.pom (5.8 kB at 56 kB/s)
Downloading from central: https://repo.maven.apache.org/maven2/org/codehaus/plexus/plexus-utils/3.3.0/plexus-utils-3.3.0.pom
Progress (1): 4.1 kBProgress (1): 5.2 kB                    Downloaded from central: https://repo.maven.apache.org/maven2/org/codehaus/plexus/plexus-utils/3.3.0/plexus-utils-3.3.0.pom (5.2 kB at 66 kB/s)
Downloading from central: https://repo.maven.apache.org/maven2/org/codehaus/plexus/plexus-utils/1.5.8/plexus-utils-1.5.8.pom
Progress (1): 4.1 kBProgress (1): 8.1 kB                    Downloaded from central: https://repo.maven.apache.org/maven2/org/codehaus/plexus/plexus-utils/1.5.8/plexus-utils-1.5.8.pom (8.1 kB at 84 kB/s)
Downloading from central: https://repo.maven.apache.org/maven2/org/codehaus/plexus/plexus/2.0.2/plexus-2.0.2.pom
Progress (1): 4.1 kBProgress (1): 8.2 kBProgress (1): 12 kB                    Downloaded from central: https://repo.maven.apache.org/maven2/org/codehaus/plexus/plexus/2.0.2/plexus-2.0.2.pom (12 kB at 121 kB/s)
Downloading from central: https://repo.maven.apache.org/maven2/org/apache/commons/commons-lang3/3.8.1/commons-lang3-3.8.1.pom
Progress (1): 4.1 kBProgress (1): 8.2 kBProgress (1): 12 kB Progress (1): 16 kBProgress (1): 20 kBProgress (1): 25 kBProgress (1): 28 kB                   Downloaded from central: https://repo.maven.apache.org/maven2/org/apache/commons/commons-lang3/3.8.1/commons-lang3-3.8.1.pom (28 kB at 349 kB/s)
Downloading from central: https://repo.maven.apache.org/maven2/org/apache/commons/commons-parent/47/commons-parent-47.pom
Progress (1): 4.1 kBProgress (1): 8.2 kBProgress (1): 12 kB Progress (1): 16 kBProgress (1): 20 kBProgress (1): 25 kBProgress (1): 29 kBProgress (1): 33 kBProgress (1): 37 kBProgress (1): 41 kBProgress (1): 45 kBProgress (1): 49 kBProgress (1): 53 kBProgress (1): 57 kBProgress (1): 61 kBProgress (1): 66 kBProgress (1): 70 kBProgress (1): 74 kBProgress (1): 78 kB                   Downloaded from central: https://repo.maven.apache.org/maven2/org/apache/commons/commons-parent/47/commons-parent-47.pom (78 kB at 881 kB/s)
Downloading from central: https://repo.maven.apache.org/maven2/org/apache/apache/19/apache-19.pom
Progress (1): 4.1 kBProgress (1): 8.2 kBProgress (1): 12 kB Progress (1): 15 kB                   Downloaded from central: https://repo.maven.apache.org/maven2/org/apache/apache/19/apache-19.pom (15 kB at 215 kB/s)
Downloading from central: https://repo.maven.apache.org/maven2/org/apache/maven/maven-plugin-api/3.1.0/maven-plugin-api-3.1.0.jar
Downloading from central: https://repo.maven.apache.org/maven2/org/apache/maven/maven-core/3.1.0/maven-core-3.1.0.jar
Downloading from central: https://repo.maven.apache.org/maven2/org/apache/maven/maven-settings/3.1.0/maven-settings-3.1.0.jar
Downloading from central: https://repo.maven.apache.org/maven2/org/apache/maven/maven-settings-builder/3.1.0/maven-settings-builder-3.1.0.jar
Downloading from central: https://repo.maven.apache.org/maven2/org/apache/maven/maven-artifact/3.1.0/maven-artifact-3.1.0.jar
Progress (1): 4.1/47 kBProgress (2): 4.1/47 kB | 2.3/563 kBProgress (2): 7.7/47 kB | 2.3/563 kBProgress (2): 12/47 kB | 2.3/563 kB Progress (2): 16/47 kB | 2.3/563 kBProgress (2): 16/47 kB | 5.0/563 kBProgress (2): 16/47 kB | 7.7/563 kBProgress (2): 20/47 kB | 7.7/563 kBProgress (2): 24/47 kB | 7.7/563 kBProgress (2): 24/47 kB | 10/563 kB Progress (2): 28/47 kB | 10/563 kBProgress (2): 32/47 kB | 10/563 kBProgress (2): 32/47 kB | 13/563 kBProgress (2): 32/47 kB | 16/563 kBProgress (2): 36/47 kB | 16/563 kBProgress (2): 36/47 kB | 19/563 kBProgress (2): 40/47 kB | 19/563 kBProgress (2): 44/47 kB | 19/563 kBProgress (2): 44/47 kB | 21/563 kBProgress (2): 47 kB | 21/563 kB   Progress (2): 47 kB | 24/563 kBProgress (2): 47 kB | 27/563 kBProgress (2): 47 kB | 30/563 kBProgress (2): 47 kB | 33/563 kBProgress (2): 47 kB | 36/563 kBProgress (2): 47 kB | 38/563 kBProgress (2): 47 kB | 41/563 kBProgress (2): 47 kB | 44/563 kBProgress (2): 47 kB | 46/563 kBProgress (2): 47 kB | 49/563 kBProgress (2): 47 kB | 52/563 kBProgress (2): 47 kB | 56/563 kBProgress (2): 47 kB | 60/563 kBProgress (2): 47 kB | 64/563 kBProgress (2): 47 kB | 68/563 kBProgress (2): 47 kB | 72/563 kBProgress (2): 47 kB | 77/563 kBProgress (2): 47 kB | 81/563 kBProgress (2): 47 kB | 83/563 kBProgress (2): 47 kB | 87/563 kBProgress (2): 47 kB | 90/563 kBProgress (2): 47 kB | 94/563 kBProgress (2): 47 kB | 98/563 kBProgress (2): 47 kB | 102/563 kBProgress (3): 47 kB | 102/563 kB | 2.3/52 kBProgress (3): 47 kB | 106/563 kB | 2.3/52 kBProgress (3): 47 kB | 106/563 kB | 5.0/52 kBProgress (3): 47 kB | 111/563 kB | 5.0/52 kBProgress (3): 47 kB | 111/563 kB | 7.7/52 kBProgress (3): 47 kB | 115/563 kB | 7.7/52 kBProgress (3): 47 kB | 115/563 kB | 11/52 kB Progress (3): 47 kB | 119/563 kB | 11/52 kBProgress (3): 47 kB | 119/563 kB | 14/52 kBProgress (3): 47 kB | 123/563 kB | 14/52 kBProgress (4): 47 kB | 123/563 kB | 14/52 kB | 2.3/41 kBProgress (4): 47 kB | 123/563 kB | 16/52 kB | 2.3/41 kBProgress (4): 47 kB | 127/563 kB | 16/52 kB | 2.3/41 kBProgress (4): 47 kB | 127/563 kB | 19/52 kB | 2.3/41 kBProgress (4): 47 kB | 127/563 kB | 19/52 kB | 5.1/41 kBProgress (4): 47 kB | 127/563 kB | 22/52 kB | 5.1/41 kBProgress (4): 47 kB | 131/563 kB | 22/52 kB | 5.1/41 kBProgress (4): 47 kB | 131/563 kB | 25/52 kB | 5.1/41 kBProgress (4): 47 kB | 131/563 kB | 25/52 kB | 7.8/41 kBProgress (4): 47 kB | 131/563 kB | 27/52 kB | 7.8/41 kBProgress (4): 47 kB | 135/563 kB | 27/52 kB | 7.8/41 kBProgress (4): 47 kB | 135/563 kB | 30/52 kB | 7.8/41 kBProgress (4): 47 kB | 135/563 kB | 30/52 kB | 11/41 kB Progress (4): 47 kB | 135/563 kB | 33/52 kB | 11/41 kBProgress (4): 47 kB | 139/563 kB | 33/52 kB | 11/41 kBProgress (4): 47 kB | 139/563 kB | 36/52 kB | 11/41 kBProgress (4): 47 kB | 139/563 kB | 36/52 kB | 13/41 kBProgress (4): 47 kB | 143/563 kB | 36/52 kB | 13/41 kBProgress (4): 47 kB | 143/563 kB | 36/52 kB | 16/41 kBProgress (4): 47 kB | 143/563 kB | 38/52 kB | 16/41 kBProgress (4): 47 kB | 147/563 kB | 38/52 kB | 16/41 kBProgress (4): 47 kB | 147/563 kB | 38/52 kB | 19/41 kBProgress (4): 47 kB | 147/563 kB | 41/52 kB | 19/41 kBProgress (4): 47 kB | 152/563 kB | 41/52 kB | 19/41 kBProgress (4): 47 kB | 152/563 kB | 44/52 kB | 19/41 kBProgress (4): 47 kB | 152/563 kB | 44/52 kB | 22/41 kBProgress (4): 47 kB | 152/563 kB | 46/52 kB | 22/41 kBProgress (4): 47 kB | 156/563 kB | 46/52 kB | 22/41 kBProgress (4): 47 kB | 156/563 kB | 46/52 kB | 24/41 kBProgress (4): 47 kB | 156/563 kB | 49/52 kB | 24/41 kBProgress (4): 47 kB | 160/563 kB | 49/52 kB | 24/41 kBProgress (4): 47 kB | 160/563 kB | 49/52 kB | 27/41 kBProgress (4): 47 kB | 160/563 kB | 52/52 kB | 27/41 kBProgress (4): 47 kB | 164/563 kB | 52/52 kB | 27/41 kBProgress (4): 47 kB | 164/563 kB | 52 kB | 27/41 kB   Progress (4): 47 kB | 164/563 kB | 52 kB | 30/41 kBProgress (4): 47 kB | 168/563 kB | 52 kB | 30/41 kBProgress (4): 47 kB | 168/563 kB | 52 kB | 32/41 kBProgress (4): 47 kB | 172/563 kB | 52 kB | 32/41 kBProgress (4): 47 kB | 172/563 kB | 52 kB | 35/41 kBProgress (4): 47 kB | 176/563 kB | 52 kB | 35/41 kBProgress (4): 47 kB | 176/563 kB | 52 kB | 38/41 kBProgress (4): 47 kB | 180/563 kB | 52 kB | 38/41 kBProgress (4): 47 kB | 180/563 kB | 52 kB | 41/41 kBProgress (4): 47 kB | 184/563 kB | 52 kB | 41/41 kBProgress (4): 47 kB | 184/563 kB | 52 kB | 41 kB   Progress (4): 47 kB | 188/563 kB | 52 kB | 41 kBProgress (4): 47 kB | 193/563 kB | 52 kB | 41 kBProgress (4): 47 kB | 197/563 kB | 52 kB | 41 kBProgress (4): 47 kB | 201/563 kB | 52 kB | 41 kBProgress (4): 47 kB | 205/563 kB | 52 kB | 41 kBProgress (4): 47 kB | 209/563 kB | 52 kB | 41 kBProgress (4): 47 kB | 213/563 kB | 52 kB | 41 kBProgress (4): 47 kB | 217/563 kB | 52 kB | 41 kBProgress (4): 47 kB | 221/563 kB | 52 kB | 41 kBProgress (4): 47 kB | 225/563 kB | 52 kB | 41 kBProgress (4): 47 kB | 227/563 kB | 52 kB | 41 kBProgress (4): 47 kB | 231/563 kB | 52 kB | 41 kBProgress (4): 47 kB | 236/563 kB | 52 kB | 41 kBProgress (4): 47 kB | 240/563 kB | 52 kB | 41 kBProgress (4): 47 kB | 244/563 kB | 52 kB | 41 kBProgress (4): 47 kB | 248/563 kB | 52 kB | 41 kBProgress (4): 47 kB | 252/563 kB | 52 kB | 41 kBProgress (4): 47 kB | 256/563 kB | 52 kB | 41 kBProgress (4): 47 kB | 260/563 kB | 52 kB | 41 kBProgress (4): 47 kB | 264/563 kB | 52 kB | 41 kBProgress (4): 47 kB | 268/563 kB | 52 kB | 41 kBProgress (4): 47 kB | 272/563 kB | 52 kB | 41 kBProgress (4): 47 kB | 277/563 kB | 52 kB | 41 kBProgress (4): 47 kB | 281/563 kB | 52 kB | 41 kBProgress (5): 47 kB | 281/563 kB | 52 kB | 41 kB | 4.1/50 kBProgress (5): 47 kB | 285/563 kB | 52 kB | 41 kB | 4.1/50 kBProgress (5): 47 kB | 285/563 kB | 52 kB | 41 kB | 7.7/50 kBProgress (5): 47 kB | 289/563 kB | 52 kB | 41 kB | 7.7/50 kBProgress (5): 47 kB | 289/563 kB | 52 kB | 41 kB | 12/50 kB Progress (5): 47 kB | 293/563 kB | 52 kB | 41 kB | 12/50 kBProgress (5): 47 kB | 293/563 kB | 52 kB | 41 kB | 16/50 kBProgress (5): 47 kB | 293/563 kB | 52 kB | 41 kB | 20/50 kBProgress (5): 47 kB | 293/563 kB | 52 kB | 41 kB | 24/50 kBProgress (5): 47 kB | 297/563 kB | 52 kB | 41 kB | 24/50 kBProgress (5): 47 kB | 301/563 kB | 52 kB | 41 kB | 24/50 kBProgress (5): 47 kB | 305/563 kB | 52 kB | 41 kB | 24/50 kBProgress (5): 47 kB | 305/563 kB | 52 kB | 41 kB | 28/50 kBProgress (5): 47 kB | 309/563 kB | 52 kB | 41 kB | 28/50 kBProgress (5): 47 kB | 309/563 kB | 52 kB | 41 kB | 32/50 kBProgress (5): 47 kB | 309/563 kB | 52 kB | 41 kB | 36/50 kBProgress (5): 47 kB | 309/563 kB | 52 kB | 41 kB | 40/50 kBProgress (5): 47 kB | 313/563 kB | 52 kB | 41 kB | 40/50 kBProgress (5): 47 kB | 318/563 kB | 52 kB | 41 kB | 40/50 kBProgress (5): 47 kB | 318/563 kB | 52 kB | 41 kB | 45/50 kBProgress (5): 47 kB | 322/563 kB | 52 kB | 41 kB | 45/50 kBProgress (5): 47 kB | 322/563 kB | 52 kB | 41 kB | 49/50 kB                                                           Downloaded from central: https://repo.maven.apache.org/maven2/org/apache/maven/maven-settings/3.1.0/maven-settings-3.1.0.jar (47 kB at 730 kB/s)
Progress (4): 322/563 kB | 52 kB | 41 kB | 50 kBProgress (4): 326/563 kB | 52 kB | 41 kB | 50 kB                                                Downloading from central: https://repo.maven.apache.org/maven2/org/apache/maven/maven-repository-metadata/3.1.0/maven-repository-metadata-3.1.0.jar
Progress (4): 330/563 kB | 52 kB | 41 kB | 50 kBProgress (4): 334/563 kB | 52 kB | 41 kB | 50 kBProgress (4): 338/563 kB | 52 kB | 41 kB | 50 kBProgress (4): 342/563 kB | 52 kB | 41 kB | 50 kBProgress (4): 346/563 kB | 52 kB | 41 kB | 50 kBProgress (4): 350/563 kB | 52 kB | 41 kB | 50 kBProgress (4): 354/563 kB | 52 kB | 41 kB | 50 kBProgress (4): 358/563 kB | 52 kB | 41 kB | 50 kBProgress (4): 363/563 kB | 52 kB | 41 kB | 50 kBProgress (4): 367/563 kB | 52 kB | 41 kB | 50 kBProgress (4): 371/563 kB | 52 kB | 41 kB | 50 kBProgress (4): 375/563 kB | 52 kB | 41 kB | 50 kBProgress (4): 379/563 kB | 52 kB | 41 kB | 50 kBProgress (4): 383/563 kB | 52 kB | 41 kB | 50 kBProgress (4): 387/563 kB | 52 kB | 41 kB | 50 kBProgress (4): 391/563 kB | 52 kB | 41 kB | 50 kBProgress (4): 395/563 kB | 52 kB | 41 kB | 50 kBProgress (4): 399/563 kB | 52 kB | 41 kB | 50 kBProgress (4): 404/563 kB | 52 kB | 41 kB | 50 kBProgress (4): 408/563 kB | 52 kB | 41 kB | 50 kBProgress (4): 412/563 kB | 52 kB | 41 kB | 50 kBProgress (4): 416/563 kB | 52 kB | 41 kB | 50 kBProgress (4): 420/563 kB | 52 kB | 41 kB | 50 kBProgress (4): 424/563 kB | 52 kB | 41 kB | 50 kBProgress (4): 428/563 kB | 52 kB | 41 kB | 50 kBProgress (4): 432/563 kB | 52 kB | 41 kB | 50 kBProgress (4): 436/563 kB | 52 kB | 41 kB | 50 kBProgress (4): 440/563 kB | 52 kB | 41 kB | 50 kBProgress (4): 444/563 kB | 52 kB | 41 kB | 50 kBProgress (4): 449/563 kB | 52 kB | 41 kB | 50 kBProgress (4): 453/563 kB | 52 kB | 41 kB | 50 kBProgress (4): 457/563 kB | 52 kB | 41 kB | 50 kBProgress (4): 461/563 kB | 52 kB | 41 kB | 50 kBProgress (4): 465/563 kB | 52 kB | 41 kB | 50 kBProgress (4): 468/563 kB | 52 kB | 41 kB | 50 kBProgress (4): 472/563 kB | 52 kB | 41 kB | 50 kBProgress (4): 476/563 kB | 52 kB | 41 kB | 50 kBProgress (4): 480/563 kB | 52 kB | 41 kB | 50 kBProgress (4): 484/563 kB | 52 kB | 41 kB | 50 kBProgress (4): 489/563 kB | 52 kB | 41 kB | 50 kBProgress (4): 493/563 kB | 52 kB | 41 kB | 50 kBProgress (4): 497/563 kB | 52 kB | 41 kB | 50 kBProgress (4): 501/563 kB | 52 kB | 41 kB | 50 kBProgress (4): 505/563 kB | 52 kB | 41 kB | 50 kBProgress (4): 509/563 kB | 52 kB | 41 kB | 50 kBProgress (4): 513/563 kB | 52 kB | 41 kB | 50 kBProgress (4): 517/563 kB | 52 kB | 41 kB | 50 kBProgress (4): 521/563 kB | 52 kB | 41 kB | 50 kB                                                Downloaded from central: https://repo.maven.apache.org/maven2/org/apache/maven/maven-artifact/3.1.0/maven-artifact-3.1.0.jar (52 kB at 614 kB/s)
Downloading from central: https://repo.maven.apache.org/maven2/org/apache/maven/maven-model-builder/3.1.0/maven-model-builder-3.1.0.jar
Progress (3): 525/563 kB | 41 kB | 50 kBProgress (3): 530/563 kB | 41 kB | 50 kBProgress (3): 534/563 kB | 41 kB | 50 kBProgress (3): 538/563 kB | 41 kB | 50 kB                                        Downloaded from central: https://repo.maven.apache.org/maven2/org/apache/maven/maven-settings-builder/3.1.0/maven-settings-builder-3.1.0.jar (41 kB at 531 kB/s)
Downloading from central: https://repo.maven.apache.org/maven2/org/apache/maven/maven-aether-provider/3.1.0/maven-aether-provider-3.1.0.jar
Progress (2): 542/563 kB | 50 kBProgress (2): 546/563 kB | 50 kBProgress (2): 550/563 kB | 50 kBProgress (2): 554/563 kB | 50 kBProgress (2): 558/563 kB | 50 kBProgress (2): 562/563 kB | 50 kBProgress (2): 563 kB | 50 kB    Progress (3): 563 kB | 50 kB | 4.1/30 kBProgress (3): 563 kB | 50 kB | 7.7/30 kBProgress (3): 563 kB | 50 kB | 12/30 kB Progress (3): 563 kB | 50 kB | 16/30 kBProgress (3): 563 kB | 50 kB | 20/30 kBProgress (3): 563 kB | 50 kB | 24/30 kBProgress (3): 563 kB | 50 kB | 28/30 kBProgress (3): 563 kB | 50 kB | 30 kB   Progress (4): 563 kB | 50 kB | 30 kB | 2.3/159 kBProgress (4): 563 kB | 50 kB | 30 kB | 5.0/159 kB                                                 Downloaded from central: https://repo.maven.apache.org/maven2/org/apache/maven/maven-plugin-api/3.1.0/maven-plugin-api-3.1.0.jar (50 kB at 453 kB/s)
Downloading from central: https://repo.maven.apache.org/maven2/org/eclipse/aether/aether-spi/0.9.0.M2/aether-spi-0.9.0.M2.jar
Progress (3): 563 kB | 30 kB | 7.7/159 kBProgress (3): 563 kB | 30 kB | 12/159 kB Progress (3): 563 kB | 30 kB | 16/159 kBProgress (3): 563 kB | 30 kB | 20/159 kBProgress (3): 563 kB | 30 kB | 24/159 kBProgress (3): 563 kB | 30 kB | 28/159 kBProgress (3): 563 kB | 30 kB | 32/159 kBProgress (3): 563 kB | 30 kB | 36/159 kBProgress (3): 563 kB | 30 kB | 41/159 kBProgress (3): 563 kB | 30 kB | 45/159 kBProgress (3): 563 kB | 30 kB | 49/159 kBProgress (3): 563 kB | 30 kB | 53/159 kBProgress (3): 563 kB | 30 kB | 57/159 kBProgress (4): 563 kB | 30 kB | 57/159 kB | 3.8/60 kBProgress (4): 563 kB | 30 kB | 61/159 kB | 3.8/60 kBProgress (4): 563 kB | 30 kB | 61/159 kB | 7.9/60 kBProgress (4): 563 kB | 30 kB | 61/159 kB | 12/60 kB Progress (4): 563 kB | 30 kB | 65/159 kB | 12/60 kBProgress (4): 563 kB | 30 kB | 65/159 kB | 16/60 kBProgress (4): 563 kB | 30 kB | 69/159 kB | 16/60 kBProgress (4): 563 kB | 30 kB | 69/159 kB | 20/60 kBProgress (4): 563 kB | 30 kB | 73/159 kB | 20/60 kBProgress (4): 563 kB | 30 kB | 73/159 kB | 24/60 kBProgress (4): 563 kB | 30 kB | 77/159 kB | 24/60 kBProgress (4): 563 kB | 30 kB | 77/159 kB | 28/60 kBProgress (4): 563 kB | 30 kB | 81/159 kB | 28/60 kBProgress (4): 563 kB | 30 kB | 81/159 kB | 32/60 kBProgress (4): 563 kB | 30 kB | 86/159 kB | 32/60 kBProgress (4): 563 kB | 30 kB | 86/159 kB | 36/60 kBProgress (4): 563 kB | 30 kB | 90/159 kB | 36/60 kBProgress (4): 563 kB | 30 kB | 90/159 kB | 40/60 kBProgress (4): 563 kB | 30 kB | 94/159 kB | 40/60 kBProgress (4): 563 kB | 30 kB | 94/159 kB | 44/60 kBProgress (4): 563 kB | 30 kB | 98/159 kB | 44/60 kBProgress (4): 563 kB | 30 kB | 98/159 kB | 49/60 kBProgress (4): 563 kB | 30 kB | 102/159 kB | 49/60 kBProgress (4): 563 kB | 30 kB | 102/159 kB | 53/60 kBProgress (4): 563 kB | 30 kB | 106/159 kB | 53/60 kBProgress (4): 563 kB | 30 kB | 106/159 kB | 57/60 kBProgress (4): 563 kB | 30 kB | 110/159 kB | 57/60 kBProgress (4): 563 kB | 30 kB | 110/159 kB | 60 kB   Progress (4): 563 kB | 30 kB | 114/159 kB | 60 kBProgress (4): 563 kB | 30 kB | 118/159 kB | 60 kBProgress (4): 563 kB | 30 kB | 122/159 kB | 60 kBProgress (4): 563 kB | 30 kB | 127/159 kB | 60 kBProgress (4): 563 kB | 30 kB | 131/159 kB | 60 kBProgress (4): 563 kB | 30 kB | 135/159 kB | 60 kBProgress (4): 563 kB | 30 kB | 139/159 kB | 60 kBProgress (4): 563 kB | 30 kB | 143/159 kB | 60 kBProgress (4): 563 kB | 30 kB | 147/159 kB | 60 kBProgress (4): 563 kB | 30 kB | 151/159 kB | 60 kBProgress (4): 563 kB | 30 kB | 155/159 kB | 60 kBProgress (4): 563 kB | 30 kB | 159/159 kB | 60 kBProgress (4): 563 kB | 30 kB | 159 kB | 60 kB                                                 Downloaded from central: https://repo.maven.apache.org/maven2/org/apache/maven/maven-core/3.1.0/maven-core-3.1.0.jar (563 kB at 4.7 MB/s)
Downloading from central: https://repo.maven.apache.org/maven2/org/eclipse/aether/aether-impl/0.9.0.M2/aether-impl-0.9.0.M2.jar
Downloaded from central: https://repo.maven.apache.org/maven2/org/apache/maven/maven-repository-metadata/3.1.0/maven-repository-metadata-3.1.0.jar (30 kB at 228 kB/s)
Downloading from central: https://repo.maven.apache.org/maven2/org/eclipse/aether/aether-api/0.9.0.M2/aether-api-0.9.0.M2.jar
Progress (3): 159 kB | 60 kB | 3.7/18 kBProgress (3): 159 kB | 60 kB | 7.8/18 kBProgress (3): 159 kB | 60 kB | 12/18 kB Progress (3): 159 kB | 60 kB | 16/18 kBProgress (3): 159 kB | 60 kB | 18 kB   Progress (4): 159 kB | 60 kB | 18 kB | 3.7/145 kBProgress (4): 159 kB | 60 kB | 18 kB | 7.8/145 kBProgress (4): 159 kB | 60 kB | 18 kB | 12/145 kB Progress (4): 159 kB | 60 kB | 18 kB | 16/145 kBProgress (4): 159 kB | 60 kB | 18 kB | 20/145 kBProgress (4): 159 kB | 60 kB | 18 kB | 24/145 kBProgress (4): 159 kB | 60 kB | 18 kB | 28/145 kBProgress (4): 159 kB | 60 kB | 18 kB | 32/145 kBProgress (4): 159 kB | 60 kB | 18 kB | 36/145 kB                                                Downloaded from central: https://repo.maven.apache.org/maven2/org/apache/maven/maven-aether-provider/3.1.0/maven-aether-provider-3.1.0.jar (60 kB at 387 kB/s)
Downloading from central: https://repo.maven.apache.org/maven2/org/eclipse/aether/aether-util/0.9.0.M2/aether-util-0.9.0.M2.jar
Progress (3): 159 kB | 18 kB | 41/145 kBProgress (3): 159 kB | 18 kB | 45/145 kBProgress (3): 159 kB | 18 kB | 49/145 kBProgress (3): 159 kB | 18 kB | 53/145 kBProgress (3): 159 kB | 18 kB | 57/145 kBProgress (3): 159 kB | 18 kB | 61/145 kBProgress (3): 159 kB | 18 kB | 65/145 kB                                        Downloaded from central: https://repo.maven.apache.org/maven2/org/apache/maven/maven-model-builder/3.1.0/maven-model-builder-3.1.0.jar (159 kB at 1.0 MB/s)
Progress (2): 18 kB | 69/145 kB                               Downloading from central: https://repo.maven.apache.org/maven2/org/codehaus/plexus/plexus-utils/3.0.10/plexus-utils-3.0.10.jar
Progress (2): 18 kB | 73/145 kBProgress (2): 18 kB | 77/145 kBProgress (2): 18 kB | 82/145 kBProgress (2): 18 kB | 86/145 kBProgress (2): 18 kB | 90/145 kBProgress (2): 18 kB | 94/145 kBProgress (2): 18 kB | 98/145 kBProgress (2): 18 kB | 102/145 kBProgress (2): 18 kB | 106/145 kBProgress (2): 18 kB | 110/145 kBProgress (2): 18 kB | 114/145 kBProgress (2): 18 kB | 118/145 kBProgress (2): 18 kB | 122/145 kBProgress (2): 18 kB | 127/145 kBProgress (2): 18 kB | 131/145 kBProgress (2): 18 kB | 135/145 kBProgress (2): 18 kB | 139/145 kBProgress (2): 18 kB | 143/145 kBProgress (2): 18 kB | 145 kB                                Downloaded from central: https://repo.maven.apache.org/maven2/org/eclipse/aether/aether-spi/0.9.0.M2/aether-spi-0.9.0.M2.jar (18 kB at 105 kB/s)
Downloading from central: https://repo.maven.apache.org/maven2/org/codehaus/plexus/plexus-classworlds/2.4.2/plexus-classworlds-2.4.2.jar
Progress (2): 145 kB | 4.1/134 kBProgress (2): 145 kB | 7.7/134 kBProgress (2): 145 kB | 12/134 kB Progress (2): 145 kB | 16/134 kBProgress (2): 145 kB | 20/134 kBProgress (2): 145 kB | 24/134 kBProgress (2): 145 kB | 28/134 kBProgress (2): 145 kB | 32/134 kBProgress (2): 145 kB | 36/134 kBProgress (2): 145 kB | 40/134 kBProgress (2): 145 kB | 45/134 kBProgress (2): 145 kB | 49/134 kBProgress (2): 145 kB | 53/134 kBProgress (2): 145 kB | 57/134 kBProgress (2): 145 kB | 61/134 kBProgress (2): 145 kB | 65/134 kBProgress (2): 145 kB | 69/134 kBProgress (2): 145 kB | 73/134 kBProgress (2): 145 kB | 77/134 kBProgress (2): 145 kB | 81/134 kBProgress (2): 145 kB | 86/134 kBProgress (2): 145 kB | 90/134 kBProgress (2): 145 kB | 94/134 kBProgress (2): 145 kB | 98/134 kBProgress (2): 145 kB | 102/134 kBProgress (2): 145 kB | 106/134 kBProgress (2): 145 kB | 110/134 kBProgress (2): 145 kB | 114/134 kBProgress (2): 145 kB | 118/134 kBProgress (2): 145 kB | 122/134 kBProgress (2): 145 kB | 127/134 kBProgress (2): 145 kB | 131/134 kBProgress (2): 145 kB | 134 kB    Progress (3): 145 kB | 134 kB | 3.8/134 kBProgress (3): 145 kB | 134 kB | 7.9/134 kBProgress (3): 145 kB | 134 kB | 12/134 kB Progress (3): 145 kB | 134 kB | 16/134 kBProgress (3): 145 kB | 134 kB | 20/134 kBProgress (3): 145 kB | 134 kB | 24/134 kBProgress (3): 145 kB | 134 kB | 28/134 kBProgress (3): 145 kB | 134 kB | 32/134 kBProgress (3): 145 kB | 134 kB | 37/134 kBProgress (3): 145 kB | 134 kB | 41/134 kBProgress (3): 145 kB | 134 kB | 45/134 kBProgress (3): 145 kB | 134 kB | 49/134 kBProgress (3): 145 kB | 134 kB | 53/134 kBProgress (3): 145 kB | 134 kB | 57/134 kBProgress (3): 145 kB | 134 kB | 61/134 kBProgress (3): 145 kB | 134 kB | 65/134 kBProgress (3): 145 kB | 134 kB | 69/134 kBProgress (3): 145 kB | 134 kB | 73/134 kBProgress (3): 145 kB | 134 kB | 77/134 kBProgress (3): 145 kB | 134 kB | 82/134 kBProgress (3): 145 kB | 134 kB | 86/134 kBProgress (3): 145 kB | 134 kB | 90/134 kBProgress (3): 145 kB | 134 kB | 94/134 kBProgress (3): 145 kB | 134 kB | 98/134 kBProgress (3): 145 kB | 134 kB | 102/134 kBProgress (3): 145 kB | 134 kB | 106/134 kBProgress (3): 145 kB | 134 kB | 110/134 kBProgress (3): 145 kB | 134 kB | 114/134 kBProgress (3): 145 kB | 134 kB | 118/134 kBProgress (3): 145 kB | 134 kB | 123/134 kBProgress (3): 145 kB | 134 kB | 127/134 kBProgress (3): 145 kB | 134 kB | 131/134 kBProgress (3): 145 kB | 134 kB | 134 kB    Progress (4): 145 kB | 134 kB | 134 kB | 4.1/47 kBProgress (4): 145 kB | 134 kB | 134 kB | 7.7/47 kBProgress (4): 145 kB | 134 kB | 134 kB | 12/47 kB Progress (4): 145 kB | 134 kB | 134 kB | 16/47 kBProgress (4): 145 kB | 134 kB | 134 kB | 20/47 kBProgress (4): 145 kB | 134 kB | 134 kB | 24/47 kBProgress (4): 145 kB | 134 kB | 134 kB | 28/47 kBProgress (4): 145 kB | 134 kB | 134 kB | 32/47 kBProgress (4): 145 kB | 134 kB | 134 kB | 36/47 kBProgress (4): 145 kB | 134 kB | 134 kB | 40/47 kBProgress (4): 145 kB | 134 kB | 134 kB | 44/47 kBProgress (4): 145 kB | 134 kB | 134 kB | 47 kB   Progress (5): 145 kB | 134 kB | 134 kB | 47 kB | 3.8/231 kBProgress (5): 145 kB | 134 kB | 134 kB | 47 kB | 7.9/231 kBProgress (5): 145 kB | 134 kB | 134 kB | 47 kB | 12/231 kB Progress (5): 145 kB | 134 kB | 134 kB | 47 kB | 16/231 kBProgress (5): 145 kB | 134 kB | 134 kB | 47 kB | 20/231 kBProgress (5): 145 kB | 134 kB | 134 kB | 47 kB | 24/231 kBProgress (5): 145 kB | 134 kB | 134 kB | 47 kB | 28/231 kBProgress (5): 145 kB | 134 kB | 134 kB | 47 kB | 32/231 kBProgress (5): 145 kB | 134 kB | 134 kB | 47 kB | 36/231 kBProgress (5): 145 kB | 134 kB | 134 kB | 47 kB | 40/231 kBProgress (5): 145 kB | 134 kB | 134 kB | 47 kB | 44/231 kBProgress (5): 145 kB | 134 kB | 134 kB | 47 kB | 49/231 kBProgress (5): 145 kB | 134 kB | 134 kB | 47 kB | 53/231 kBProgress (5): 145 kB | 134 kB | 134 kB | 47 kB | 57/231 kBProgress (5): 145 kB | 134 kB | 134 kB | 47 kB | 61/231 kBProgress (5): 145 kB | 134 kB | 134 kB | 47 kB | 65/231 kBProgress (5): 145 kB | 134 kB | 134 kB | 47 kB | 69/231 kBProgress (5): 145 kB | 134 kB | 134 kB | 47 kB | 73/231 kBProgress (5): 145 kB | 134 kB | 134 kB | 47 kB | 77/231 kBProgress (5): 145 kB | 134 kB | 134 kB | 47 kB | 81/231 kBProgress (5): 145 kB | 134 kB | 134 kB | 47 kB | 85/231 kBProgress (5): 145 kB | 134 kB | 134 kB | 47 kB | 90/231 kBProgress (5): 145 kB | 134 kB | 134 kB | 47 kB | 94/231 kBProgress (5): 145 kB | 134 kB | 134 kB | 47 kB | 98/231 kBProgress (5): 145 kB | 134 kB | 134 kB | 47 kB | 102/231 kBProgress (5): 145 kB | 134 kB | 134 kB | 47 kB | 106/231 kBProgress (5): 145 kB | 134 kB | 134 kB | 47 kB | 110/231 kBProgress (5): 145 kB | 134 kB | 134 kB | 47 kB | 114/231 kBProgress (5): 145 kB | 134 kB | 134 kB | 47 kB | 118/231 kBProgress (5): 145 kB | 134 kB | 134 kB | 47 kB | 122/231 kBProgress (5): 145 kB | 134 kB | 134 kB | 47 kB | 126/231 kBProgress (5): 145 kB | 134 kB | 134 kB | 47 kB | 131/231 kBProgress (5): 145 kB | 134 kB | 134 kB | 47 kB | 135/231 kBProgress (5): 145 kB | 134 kB | 134 kB | 47 kB | 139/231 kBProgress (5): 145 kB | 134 kB | 134 kB | 47 kB | 143/231 kBProgress (5): 145 kB | 134 kB | 134 kB | 47 kB | 147/231 kBProgress (5): 145 kB | 134 kB | 134 kB | 47 kB | 151/231 kBProgress (5): 145 kB | 134 kB | 134 kB | 47 kB | 155/231 kBProgress (5): 145 kB | 134 kB | 134 kB | 47 kB | 159/231 kBProgress (5): 145 kB | 134 kB | 134 kB | 47 kB | 163/231 kBProgress (5): 145 kB | 134 kB | 134 kB | 47 kB | 167/231 kBProgress (5): 145 kB | 134 kB | 134 kB | 47 kB | 171/231 kBProgress (5): 145 kB | 134 kB | 134 kB | 47 kB | 176/231 kBProgress (5): 145 kB | 134 kB | 134 kB | 47 kB | 180/231 kBProgress (5): 145 kB | 134 kB | 134 kB | 47 kB | 183/231 kBProgress (5): 145 kB | 134 kB | 134 kB | 47 kB | 188/231 kBProgress (5): 145 kB | 134 kB | 134 kB | 47 kB | 192/231 kBProgress (5): 145 kB | 134 kB | 134 kB | 47 kB | 196/231 kBProgress (5): 145 kB | 134 kB | 134 kB | 47 kB | 200/231 kBProgress (5): 145 kB | 134 kB | 134 kB | 47 kB | 204/231 kBProgress (5): 145 kB | 134 kB | 134 kB | 47 kB | 208/231 kBProgress (5): 145 kB | 134 kB | 134 kB | 47 kB | 212/231 kBProgress (5): 145 kB | 134 kB | 134 kB | 47 kB | 216/231 kB                                                           Downloaded from central: https://repo.maven.apache.org/maven2/org/eclipse/aether/aether-impl/0.9.0.M2/aether-impl-0.9.0.M2.jar (145 kB at 656 kB/s)
Progress (4): 134 kB | 134 kB | 47 kB | 220/231 kB                                                  Downloading from central: https://repo.maven.apache.org/maven2/org/sonatype/plexus/plexus-sec-dispatcher/1.3/plexus-sec-dispatcher-1.3.jar
Progress (4): 134 kB | 134 kB | 47 kB | 224/231 kBProgress (4): 134 kB | 134 kB | 47 kB | 229/231 kBProgress (4): 134 kB | 134 kB | 47 kB | 231 kB                                                  Downloaded from central: https://repo.maven.apache.org/maven2/org/codehaus/plexus/plexus-classworlds/2.4.2/plexus-classworlds-2.4.2.jar (47 kB at 210 kB/s)
Downloading from central: https://repo.maven.apache.org/maven2/org/sonatype/plexus/plexus-cipher/1.4/plexus-cipher-1.4.jar
Downloaded from central: https://repo.maven.apache.org/maven2/org/eclipse/aether/aether-api/0.9.0.M2/aether-api-0.9.0.M2.jar (134 kB at 585 kB/s)
Downloading from central: https://repo.maven.apache.org/maven2/org/apache/maven/maven-model/3.1.0/maven-model-3.1.0.jar
Downloaded from central: https://repo.maven.apache.org/maven2/org/eclipse/aether/aether-util/0.9.0.M2/aether-util-0.9.0.M2.jar (134 kB at 581 kB/s)
Downloading from central: https://repo.maven.apache.org/maven2/org/codehaus/plexus/plexus-component-annotations/2.0.0/plexus-component-annotations-2.0.0.jar
Progress (2): 231 kB | 3.7/29 kBProgress (2): 231 kB | 7.8/29 kBProgress (2): 231 kB | 12/29 kB Progress (2): 231 kB | 16/29 kBProgress (2): 231 kB | 20/29 kB                               Downloaded from central: https://repo.maven.apache.org/maven2/org/codehaus/plexus/plexus-utils/3.0.10/plexus-utils-3.0.10.jar (231 kB at 920 kB/s)
Downloading from central: https://repo.maven.apache.org/maven2/org/eclipse/sisu/org.eclipse.sisu.plexus/0.0.0.M2a/org.eclipse.sisu.plexus-0.0.0.M2a.jar
Progress (1): 24/29 kBProgress (2): 24/29 kB | 3.7/13 kBProgress (2): 24/29 kB | 7.8/13 kBProgress (2): 24/29 kB | 12/13 kB Progress (2): 28/29 kB | 12/13 kBProgress (2): 28/29 kB | 13 kB   Progress (2): 29 kB | 13 kB   Progress (3): 29 kB | 13 kB | 4.1/164 kBProgress (3): 29 kB | 13 kB | 8.2/164 kBProgress (3): 29 kB | 13 kB | 12/164 kB Progress (3): 29 kB | 13 kB | 16/164 kBProgress (3): 29 kB | 13 kB | 20/164 kBProgress (3): 29 kB | 13 kB | 25/164 kBProgress (3): 29 kB | 13 kB | 29/164 kBProgress (3): 29 kB | 13 kB | 33/164 kBProgress (3): 29 kB | 13 kB | 37/164 kBProgress (3): 29 kB | 13 kB | 41/164 kBProgress (3): 29 kB | 13 kB | 45/164 kBProgress (3): 29 kB | 13 kB | 49/164 kBProgress (3): 29 kB | 13 kB | 53/164 kBProgress (3): 29 kB | 13 kB | 57/164 kBProgress (3): 29 kB | 13 kB | 61/164 kBProgress (3): 29 kB | 13 kB | 66/164 kBProgress (3): 29 kB | 13 kB | 70/164 kBProgress (3): 29 kB | 13 kB | 74/164 kBProgress (3): 29 kB | 13 kB | 78/164 kBProgress (3): 29 kB | 13 kB | 82/164 kBProgress (3): 29 kB | 13 kB | 86/164 kBProgress (3): 29 kB | 13 kB | 90/164 kBProgress (3): 29 kB | 13 kB | 94/164 kBProgress (3): 29 kB | 13 kB | 98/164 kBProgress (3): 29 kB | 13 kB | 102/164 kBProgress (3): 29 kB | 13 kB | 106/164 kBProgress (3): 29 kB | 13 kB | 111/164 kBProgress (3): 29 kB | 13 kB | 115/164 kBProgress (3): 29 kB | 13 kB | 119/164 kBProgress (3): 29 kB | 13 kB | 123/164 kBProgress (3): 29 kB | 13 kB | 127/164 kBProgress (3): 29 kB | 13 kB | 131/164 kBProgress (3): 29 kB | 13 kB | 135/164 kBProgress (3): 29 kB | 13 kB | 139/164 kBProgress (3): 29 kB | 13 kB | 143/164 kBProgress (3): 29 kB | 13 kB | 147/164 kBProgress (3): 29 kB | 13 kB | 152/164 kBProgress (3): 29 kB | 13 kB | 156/164 kBProgress (3): 29 kB | 13 kB | 160/164 kBProgress (3): 29 kB | 13 kB | 164 kB    Progress (4): 29 kB | 13 kB | 164 kB | 4.1/4.2 kBProgress (4): 29 kB | 13 kB | 164 kB | 4.2 kB    Progress (5): 29 kB | 13 kB | 164 kB | 4.2 kB | 4.1/202 kBProgress (5): 29 kB | 13 kB | 164 kB | 4.2 kB | 7.7/202 kBProgress (5): 29 kB | 13 kB | 164 kB | 4.2 kB | 12/202 kB Progress (5): 29 kB | 13 kB | 164 kB | 4.2 kB | 16/202 kBProgress (5): 29 kB | 13 kB | 164 kB | 4.2 kB | 20/202 kBProgress (5): 29 kB | 13 kB | 164 kB | 4.2 kB | 24/202 kBProgress (5): 29 kB | 13 kB | 164 kB | 4.2 kB | 28/202 kBProgress (5): 29 kB | 13 kB | 164 kB | 4.2 kB | 32/202 kBProgress (5): 29 kB | 13 kB | 164 kB | 4.2 kB | 36/202 kBProgress (5): 29 kB | 13 kB | 164 kB | 4.2 kB | 41/202 kBProgress (5): 29 kB | 13 kB | 164 kB | 4.2 kB | 45/202 kBProgress (5): 29 kB | 13 kB | 164 kB | 4.2 kB | 49/202 kBProgress (5): 29 kB | 13 kB | 164 kB | 4.2 kB | 53/202 kBProgress (5): 29 kB | 13 kB | 164 kB | 4.2 kB | 57/202 kBProgress (5): 29 kB | 13 kB | 164 kB | 4.2 kB | 61/202 kBProgress (5): 29 kB | 13 kB | 164 kB | 4.2 kB | 65/202 kBProgress (5): 29 kB | 13 kB | 164 kB | 4.2 kB | 69/202 kBProgress (5): 29 kB | 13 kB | 164 kB | 4.2 kB | 73/202 kBProgress (5): 29 kB | 13 kB | 164 kB | 4.2 kB | 77/202 kBProgress (5): 29 kB | 13 kB | 164 kB | 4.2 kB | 81/202 kBProgress (5): 29 kB | 13 kB | 164 kB | 4.2 kB | 86/202 kBProgress (5): 29 kB | 13 kB | 164 kB | 4.2 kB | 90/202 kBProgress (5): 29 kB | 13 kB | 164 kB | 4.2 kB | 94/202 kBProgress (5): 29 kB | 13 kB | 164 kB | 4.2 kB | 98/202 kBProgress (5): 29 kB | 13 kB | 164 kB | 4.2 kB | 102/202 kBProgress (5): 29 kB | 13 kB | 164 kB | 4.2 kB | 106/202 kB                                                          Downloaded from central: https://repo.maven.apache.org/maven2/org/sonatype/plexus/plexus-sec-dispatcher/1.3/plexus-sec-dispatcher-1.3.jar (29 kB at 102 kB/s)
Downloading from central: https://repo.maven.apache.org/maven2/javax/enterprise/cdi-api/1.0/cdi-api-1.0.jar
Progress (4): 13 kB | 164 kB | 4.2 kB | 110/202 kBProgress (4): 13 kB | 164 kB | 4.2 kB | 114/202 kBProgress (4): 13 kB | 164 kB | 4.2 kB | 118/202 kBProgress (4): 13 kB | 164 kB | 4.2 kB | 122/202 kBProgress (4): 13 kB | 164 kB | 4.2 kB | 127/202 kBProgress (4): 13 kB | 164 kB | 4.2 kB | 131/202 kBProgress (4): 13 kB | 164 kB | 4.2 kB | 135/202 kBProgress (4): 13 kB | 164 kB | 4.2 kB | 139/202 kBProgress (4): 13 kB | 164 kB | 4.2 kB | 143/202 kBProgress (4): 13 kB | 164 kB | 4.2 kB | 147/202 kBProgress (4): 13 kB | 164 kB | 4.2 kB | 151/202 kBProgress (4): 13 kB | 164 kB | 4.2 kB | 155/202 kBProgress (4): 13 kB | 164 kB | 4.2 kB | 159/202 kBProgress (4): 13 kB | 164 kB | 4.2 kB | 163/202 kBProgress (4): 13 kB | 164 kB | 4.2 kB | 167/202 kBProgress (4): 13 kB | 164 kB | 4.2 kB | 172/202 kB                                                  Downloaded from central: https://repo.maven.apache.org/maven2/org/sonatype/plexus/plexus-cipher/1.4/plexus-cipher-1.4.jar (13 kB at 47 kB/s)
Progress (3): 164 kB | 4.2 kB | 176/202 kB                                          Downloading from central: https://repo.maven.apache.org/maven2/javax/annotation/jsr250-api/1.0/jsr250-api-1.0.jar
Progress (3): 164 kB | 4.2 kB | 180/202 kBProgress (3): 164 kB | 4.2 kB | 184/202 kBProgress (3): 164 kB | 4.2 kB | 188/202 kBProgress (3): 164 kB | 4.2 kB | 192/202 kBProgress (3): 164 kB | 4.2 kB | 196/202 kBProgress (3): 164 kB | 4.2 kB | 200/202 kBProgress (3): 164 kB | 4.2 kB | 202 kB                                          Downloaded from central: https://repo.maven.apache.org/maven2/org/apache/maven/maven-model/3.1.0/maven-model-3.1.0.jar (164 kB at 561 kB/s)
Downloading from central: https://repo.maven.apache.org/maven2/com/google/guava/guava/10.0.1/guava-10.0.1.jar
Downloaded from central: https://repo.maven.apache.org/maven2/org/codehaus/plexus/plexus-component-annotations/2.0.0/plexus-component-annotations-2.0.0.jar (4.2 kB at 14 kB/s)
Downloading from central: https://repo.maven.apache.org/maven2/com/google/code/findbugs/jsr305/1.3.9/jsr305-1.3.9.jar
Progress (2): 202 kB | 3.7/45 kBProgress (2): 202 kB | 7.8/45 kBProgress (2): 202 kB | 12/45 kB Progress (2): 202 kB | 16/45 kBProgress (2): 202 kB | 20/45 kBProgress (2): 202 kB | 24/45 kBProgress (2): 202 kB | 28/45 kBProgress (2): 202 kB | 32/45 kBProgress (2): 202 kB | 37/45 kBProgress (2): 202 kB | 41/45 kBProgress (2): 202 kB | 45/45 kBProgress (2): 202 kB | 45 kB                               Downloaded from central: https://repo.maven.apache.org/maven2/org/eclipse/sisu/org.eclipse.sisu.plexus/0.0.0.M2a/org.eclipse.sisu.plexus-0.0.0.M2a.jar (202 kB at 640 kB/s)
Downloading from central: https://repo.maven.apache.org/maven2/org/sonatype/sisu/sisu-guice/3.1.0/sisu-guice-3.1.0-no_aop.jar
Progress (2): 45 kB | 3.7/5.8 kBProgress (2): 45 kB | 5.8 kB    Progress (3): 45 kB | 5.8 kB | 0/1.5 MBProgress (3): 45 kB | 5.8 kB | 0/1.5 MBProgress (3): 45 kB | 5.8 kB | 0/1.5 MBProgress (3): 45 kB | 5.8 kB | 0/1.5 MBProgress (4): 45 kB | 5.8 kB | 0/1.5 MB | 4.1/33 kBProgress (4): 45 kB | 5.8 kB | 0/1.5 MB | 7.7/33 kBProgress (4): 45 kB | 5.8 kB | 0/1.5 MB | 12/33 kB Progress (4): 45 kB | 5.8 kB | 0/1.5 MB | 12/33 kBProgress (4): 45 kB | 5.8 kB | 0/1.5 MB | 16/33 kBProgress (4): 45 kB | 5.8 kB | 0.1/1.5 MB | 16/33 kBProgress (4): 45 kB | 5.8 kB | 0.1/1.5 MB | 20/33 kBProgress (4): 45 kB | 5.8 kB | 0.1/1.5 MB | 20/33 kBProgress (4): 45 kB | 5.8 kB | 0.1/1.5 MB | 24/33 kBProgress (4): 45 kB | 5.8 kB | 0.1/1.5 MB | 24/33 kBProgress (4): 45 kB | 5.8 kB | 0.1/1.5 MB | 28/33 kBProgress (4): 45 kB | 5.8 kB | 0.1/1.5 MB | 32/33 kBProgress (4): 45 kB | 5.8 kB | 0.1/1.5 MB | 33 kB   Progress (4): 45 kB | 5.8 kB | 0.1/1.5 MB | 33 kBProgress (4): 45 kB | 5.8 kB | 0.1/1.5 MB | 33 kBProgress (4): 45 kB | 5.8 kB | 0.1/1.5 MB | 33 kBProgress (4): 45 kB | 5.8 kB | 0.1/1.5 MB | 33 kBProgress (4): 45 kB | 5.8 kB | 0.1/1.5 MB | 33 kBProgress (4): 45 kB | 5.8 kB | 0.1/1.5 MB | 33 kBProgress (4): 45 kB | 5.8 kB | 0.1/1.5 MB | 33 kBProgress (4): 45 kB | 5.8 kB | 0.1/1.5 MB | 33 kBProgress (4): 45 kB | 5.8 kB | 0.1/1.5 MB | 33 kBProgress (4): 45 kB | 5.8 kB | 0.2/1.5 MB | 33 kBProgress (4): 45 kB | 5.8 kB | 0.2/1.5 MB | 33 kBProgress (4): 45 kB | 5.8 kB | 0.2/1.5 MB | 33 kBProgress (4): 45 kB | 5.8 kB | 0.2/1.5 MB | 33 kBProgress (4): 45 kB | 5.8 kB | 0.2/1.5 MB | 33 kBProgress (4): 45 kB | 5.8 kB | 0.2/1.5 MB | 33 kBProgress (4): 45 kB | 5.8 kB | 0.2/1.5 MB | 33 kBProgress (4): 45 kB | 5.8 kB | 0.2/1.5 MB | 33 kBProgress (4): 45 kB | 5.8 kB | 0.2/1.5 MB | 33 kBProgress (4): 45 kB | 5.8 kB | 0.2/1.5 MB | 33 kBProgress (4): 45 kB | 5.8 kB | 0.2/1.5 MB | 33 kBProgress (4): 45 kB | 5.8 kB | 0.2/1.5 MB | 33 kBProgress (4): 45 kB | 5.8 kB | 0.2/1.5 MB | 33 kBProgress (4): 45 kB | 5.8 kB | 0.3/1.5 MB | 33 kBProgress (4): 45 kB | 5.8 kB | 0.3/1.5 MB | 33 kBProgress (4): 45 kB | 5.8 kB | 0.3/1.5 MB | 33 kBProgress (4): 45 kB | 5.8 kB | 0.3/1.5 MB | 33 kBProgress (4): 45 kB | 5.8 kB | 0.3/1.5 MB | 33 kBProgress (4): 45 kB | 5.8 kB | 0.3/1.5 MB | 33 kBProgress (4): 45 kB | 5.8 kB | 0.3/1.5 MB | 33 kBProgress (5): 45 kB | 5.8 kB | 0.3/1.5 MB | 33 kB | 3.7/357 kBProgress (5): 45 kB | 5.8 kB | 0.3/1.5 MB | 33 kB | 3.7/357 kBProgress (5): 45 kB | 5.8 kB | 0.3/1.5 MB | 33 kB | 3.7/357 kBProgress (5): 45 kB | 5.8 kB | 0.3/1.5 MB | 33 kB | 7.8/357 kBProgress (5): 45 kB | 5.8 kB | 0.3/1.5 MB | 33 kB | 7.8/357 kBProgress (5): 45 kB | 5.8 kB | 0.3/1.5 MB | 33 kB | 12/357 kB Progress (5): 45 kB | 5.8 kB | 0.3/1.5 MB | 33 kB | 16/357 kBProgress (5): 45 kB | 5.8 kB | 0.3/1.5 MB | 33 kB | 16/357 kBProgress (5): 45 kB | 5.8 kB | 0.3/1.5 MB | 33 kB | 20/357 kBProgress (5): 45 kB | 5.8 kB | 0.3/1.5 MB | 33 kB | 20/357 kB                                                             Downloaded from central: https://repo.maven.apache.org/maven2/javax/annotation/jsr250-api/1.0/jsr250-api-1.0.jar (5.8 kB at 17 kB/s)
Progress (4): 45 kB | 0.3/1.5 MB | 33 kB | 24/357 kBProgress (4): 45 kB | 0.4/1.5 MB | 33 kB | 24/357 kB                                                    Downloading from central: https://repo.maven.apache.org/maven2/aopalliance/aopalliance/1.0/aopalliance-1.0.jar
Progress (4): 45 kB | 0.4/1.5 MB | 33 kB | 24/357 kBProgress (4): 45 kB | 0.4/1.5 MB | 33 kB | 28/357 kBProgress (4): 45 kB | 0.4/1.5 MB | 33 kB | 32/357 kBProgress (4): 45 kB | 0.4/1.5 MB | 33 kB | 37/357 kBProgress (4): 45 kB | 0.4/1.5 MB | 33 kB | 37/357 kBProgress (4): 45 kB | 0.4/1.5 MB | 33 kB | 37/357 kBProgress (4): 45 kB | 0.4/1.5 MB | 33 kB | 41/357 kBProgress (4): 45 kB | 0.4/1.5 MB | 33 kB | 45/357 kBProgress (4): 45 kB | 0.4/1.5 MB | 33 kB | 45/357 kBProgress (4): 45 kB | 0.4/1.5 MB | 33 kB | 49/357 kBProgress (4): 45 kB | 0.4/1.5 MB | 33 kB | 49/357 kBProgress (4): 45 kB | 0.4/1.5 MB | 33 kB | 53/357 kBProgress (4): 45 kB | 0.4/1.5 MB | 33 kB | 53/357 kBProgress (4): 45 kB | 0.4/1.5 MB | 33 kB | 57/357 kBProgress (4): 45 kB | 0.4/1.5 MB | 33 kB | 57/357 kBProgress (4): 45 kB | 0.4/1.5 MB | 33 kB | 61/357 kBProgress (4): 45 kB | 0.4/1.5 MB | 33 kB | 65/357 kBProgress (4): 45 kB | 0.4/1.5 MB | 33 kB | 69/357 kBProgress (4): 45 kB | 0.4/1.5 MB | 33 kB | 69/357 kBProgress (4): 45 kB | 0.4/1.5 MB | 33 kB | 69/357 kBProgress (4): 45 kB | 0.4/1.5 MB | 33 kB | 73/357 kBProgress (4): 45 kB | 0.4/1.5 MB | 33 kB | 77/357 kBProgress (4): 45 kB | 0.4/1.5 MB | 33 kB | 77/357 kBProgress (4): 45 kB | 0.4/1.5 MB | 33 kB | 82/357 kBProgress (4): 45 kB | 0.4/1.5 MB | 33 kB | 82/357 kB                                                    Downloaded from central: https://repo.maven.apache.org/maven2/javax/enterprise/cdi-api/1.0/cdi-api-1.0.jar (45 kB at 127 kB/s)
Progress (3): 0.4/1.5 MB | 33 kB | 86/357 kBProgress (3): 0.5/1.5 MB | 33 kB | 86/357 kB                                            Downloading from central: https://repo.maven.apache.org/maven2/org/eclipse/sisu/org.eclipse.sisu.inject/0.0.0.M2a/org.eclipse.sisu.inject-0.0.0.M2a.jar
Progress (3): 0.5/1.5 MB | 33 kB | 86/357 kBProgress (3): 0.5/1.5 MB | 33 kB | 90/357 kBProgress (3): 0.5/1.5 MB | 33 kB | 94/357 kBProgress (3): 0.5/1.5 MB | 33 kB | 98/357 kBProgress (3): 0.5/1.5 MB | 33 kB | 98/357 kBProgress (3): 0.5/1.5 MB | 33 kB | 102/357 kBProgress (3): 0.5/1.5 MB | 33 kB | 102/357 kBProgress (3): 0.5/1.5 MB | 33 kB | 106/357 kBProgress (3): 0.5/1.5 MB | 33 kB | 106/357 kBProgress (3): 0.5/1.5 MB | 33 kB | 110/357 kBProgress (3): 0.5/1.5 MB | 33 kB | 110/357 kBProgress (3): 0.5/1.5 MB | 33 kB | 114/357 kBProgress (3): 0.5/1.5 MB | 33 kB | 118/357 kBProgress (3): 0.5/1.5 MB | 33 kB | 118/357 kBProgress (3): 0.5/1.5 MB | 33 kB | 118/357 kBProgress (3): 0.5/1.5 MB | 33 kB | 123/357 kBProgress (3): 0.5/1.5 MB | 33 kB | 127/357 kBProgress (3): 0.5/1.5 MB | 33 kB | 127/357 kBProgress (3): 0.5/1.5 MB | 33 kB | 131/357 kBProgress (3): 0.5/1.5 MB | 33 kB | 131/357 kBProgress (3): 0.5/1.5 MB | 33 kB | 135/357 kBProgress (3): 0.5/1.5 MB | 33 kB | 135/357 kBProgress (3): 0.5/1.5 MB | 33 kB | 139/357 kBProgress (3): 0.5/1.5 MB | 33 kB | 139/357 kBProgress (3): 0.5/1.5 MB | 33 kB | 143/357 kBProgress (3): 0.5/1.5 MB | 33 kB | 147/357 kBProgress (3): 0.5/1.5 MB | 33 kB | 151/357 kBProgress (3): 0.6/1.5 MB | 33 kB | 151/357 kBProgress (3): 0.6/1.5 MB | 33 kB | 151/357 kBProgress (3): 0.6/1.5 MB | 33 kB | 155/357 kBProgress (3): 0.6/1.5 MB | 33 kB | 159/357 kBProgress (3): 0.6/1.5 MB | 33 kB | 163/357 kBProgress (3): 0.6/1.5 MB | 33 kB | 163/357 kBProgress (3): 0.6/1.5 MB | 33 kB | 168/357 kBProgress (3): 0.6/1.5 MB | 33 kB | 168/357 kBProgress (3): 0.6/1.5 MB | 33 kB | 172/357 kBProgress (3): 0.6/1.5 MB | 33 kB | 172/357 kBProgress (3): 0.6/1.5 MB | 33 kB | 176/357 kBProgress (3): 0.6/1.5 MB | 33 kB | 176/357 kBProgress (3): 0.6/1.5 MB | 33 kB | 180/357 kBProgress (3): 0.6/1.5 MB | 33 kB | 184/357 kBProgress (3): 0.6/1.5 MB | 33 kB | 184/357 kBProgress (3): 0.6/1.5 MB | 33 kB | 184/357 kBProgress (3): 0.6/1.5 MB | 33 kB | 188/357 kBProgress (3): 0.6/1.5 MB | 33 kB | 192/357 kBProgress (3): 0.6/1.5 MB | 33 kB | 196/357 kBProgress (3): 0.6/1.5 MB | 33 kB | 200/357 kBProgress (3): 0.6/1.5 MB | 33 kB | 200/357 kBProgress (3): 0.6/1.5 MB | 33 kB | 200/357 kBProgress (3): 0.6/1.5 MB | 33 kB | 204/357 kBProgress (3): 0.6/1.5 MB | 33 kB | 209/357 kBProgress (3): 0.6/1.5 MB | 33 kB | 213/357 kBProgress (3): 0.6/1.5 MB | 33 kB | 213/357 kBProgress (3): 0.6/1.5 MB | 33 kB | 217/357 kBProgress (3): 0.6/1.5 MB | 33 kB | 217/357 kBProgress (3): 0.6/1.5 MB | 33 kB | 221/357 kBProgress (3): 0.6/1.5 MB | 33 kB | 225/357 kBProgress (3): 0.7/1.5 MB | 33 kB | 225/357 kBProgress (3): 0.7/1.5 MB | 33 kB | 227/357 kBProgress (3): 0.7/1.5 MB | 33 kB | 227/357 kBProgress (3): 0.7/1.5 MB | 33 kB | 232/357 kBProgress (3): 0.7/1.5 MB | 33 kB | 232/357 kBProgress (3): 0.7/1.5 MB | 33 kB | 236/357 kBProgress (3): 0.7/1.5 MB | 33 kB | 236/357 kBProgress (3): 0.7/1.5 MB | 33 kB | 240/357 kBProgress (3): 0.7/1.5 MB | 33 kB | 244/357 kBProgress (3): 0.7/1.5 MB | 33 kB | 244/357 kBProgress (3): 0.7/1.5 MB | 33 kB | 248/357 kBProgress (3): 0.7/1.5 MB | 33 kB | 248/357 kBProgress (3): 0.7/1.5 MB | 33 kB | 252/357 kBProgress (3): 0.7/1.5 MB | 33 kB | 256/357 kBProgress (3): 0.7/1.5 MB | 33 kB | 260/357 kBProgress (3): 0.7/1.5 MB | 33 kB | 260/357 kBProgress (3): 0.7/1.5 MB | 33 kB | 260/357 kBProgress (3): 0.7/1.5 MB | 33 kB | 264/357 kBProgress (3): 0.7/1.5 MB | 33 kB | 268/357 kBProgress (3): 0.7/1.5 MB | 33 kB | 272/357 kBProgress (3): 0.7/1.5 MB | 33 kB | 272/357 kBProgress (3): 0.7/1.5 MB | 33 kB | 277/357 kBProgress (3): 0.7/1.5 MB | 33 kB | 277/357 kBProgress (3): 0.7/1.5 MB | 33 kB | 281/357 kBProgress (3): 0.7/1.5 MB | 33 kB | 281/357 kBProgress (3): 0.7/1.5 MB | 33 kB | 285/357 kBProgress (3): 0.7/1.5 MB | 33 kB | 285/357 kBProgress (3): 0.7/1.5 MB | 33 kB | 289/357 kBProgress (3): 0.7/1.5 MB | 33 kB | 293/357 kBProgress (3): 0.7/1.5 MB | 33 kB | 293/357 kBProgress (3): 0.8/1.5 MB | 33 kB | 293/357 kBProgress (3): 0.8/1.5 MB | 33 kB | 297/357 kBProgress (3): 0.8/1.5 MB | 33 kB | 301/357 kBProgress (3): 0.8/1.5 MB | 33 kB | 305/357 kBProgress (3): 0.8/1.5 MB | 33 kB | 309/357 kBProgress (3): 0.8/1.5 MB | 33 kB | 309/357 kBProgress (3): 0.8/1.5 MB | 33 kB | 309/357 kBProgress (3): 0.8/1.5 MB | 33 kB | 313/357 kBProgress (3): 0.8/1.5 MB | 33 kB | 318/357 kBProgress (3): 0.8/1.5 MB | 33 kB | 322/357 kBProgress (3): 0.8/1.5 MB | 33 kB | 322/357 kBProgress (3): 0.8/1.5 MB | 33 kB | 326/357 kBProgress (3): 0.8/1.5 MB | 33 kB | 326/357 kBProgress (3): 0.8/1.5 MB | 33 kB | 330/357 kBProgress (3): 0.8/1.5 MB | 33 kB | 330/357 kBProgress (3): 0.8/1.5 MB | 33 kB | 334/357 kBProgress (3): 0.8/1.5 MB | 33 kB | 334/357 kBProgress (3): 0.8/1.5 MB | 33 kB | 338/357 kBProgress (3): 0.8/1.5 MB | 33 kB | 342/357 kBProgress (4): 0.8/1.5 MB | 33 kB | 342/357 kB | 3.7/4.5 kBProgress (4): 0.8/1.5 MB | 33 kB | 342/357 kB | 3.7/4.5 kBProgress (4): 0.8/1.5 MB | 33 kB | 346/357 kB | 3.7/4.5 kBProgress (4): 0.8/1.5 MB | 33 kB | 346/357 kB | 3.7/4.5 kBProgress (4): 0.8/1.5 MB | 33 kB | 346/357 kB | 4.5 kB    Progress (4): 0.8/1.5 MB | 33 kB | 350/357 kB | 4.5 kBProgress (4): 0.8/1.5 MB | 33 kB | 354/357 kB | 4.5 kBProgress (4): 0.8/1.5 MB | 33 kB | 354/357 kB | 4.5 kBProgress (4): 0.8/1.5 MB | 33 kB | 357 kB | 4.5 kB    Progress (4): 0.8/1.5 MB | 33 kB | 357 kB | 4.5 kBProgress (4): 0.8/1.5 MB | 33 kB | 357 kB | 4.5 kBProgress (4): 0.9/1.5 MB | 33 kB | 357 kB | 4.5 kBProgress (4): 0.9/1.5 MB | 33 kB | 357 kB | 4.5 kBProgress (4): 0.9/1.5 MB | 33 kB | 357 kB | 4.5 kBProgress (4): 0.9/1.5 MB | 33 kB | 357 kB | 4.5 kBProgress (4): 0.9/1.5 MB | 33 kB | 357 kB | 4.5 kB                                                  Downloaded from central: https://repo.maven.apache.org/maven2/com/google/code/findbugs/jsr305/1.3.9/jsr305-1.3.9.jar (33 kB at 87 kB/s)
Progress (3): 0.9/1.5 MB | 357 kB | 4.5 kB                                          Downloading from central: https://repo.maven.apache.org/maven2/asm/asm/3.3.1/asm-3.3.1.jar
Progress (3): 0.9/1.5 MB | 357 kB | 4.5 kBProgress (3): 0.9/1.5 MB | 357 kB | 4.5 kBProgress (3): 0.9/1.5 MB | 357 kB | 4.5 kBProgress (3): 0.9/1.5 MB | 357 kB | 4.5 kBProgress (3): 0.9/1.5 MB | 357 kB | 4.5 kBProgress (3): 0.9/1.5 MB | 357 kB | 4.5 kBProgress (3): 1.0/1.5 MB | 357 kB | 4.5 kBProgress (3): 1.0/1.5 MB | 357 kB | 4.5 kBProgress (3): 1.0/1.5 MB | 357 kB | 4.5 kBProgress (3): 1.0/1.5 MB | 357 kB | 4.5 kBProgress (3): 1.0/1.5 MB | 357 kB | 4.5 kBProgress (3): 1.0/1.5 MB | 357 kB | 4.5 kBProgress (3): 1.0/1.5 MB | 357 kB | 4.5 kBProgress (3): 1.0/1.5 MB | 357 kB | 4.5 kBProgress (3): 1.0/1.5 MB | 357 kB | 4.5 kBProgress (3): 1.0/1.5 MB | 357 kB | 4.5 kBProgress (3): 1.0/1.5 MB | 357 kB | 4.5 kBProgress (3): 1.0/1.5 MB | 357 kB | 4.5 kBProgress (3): 1.1/1.5 MB | 357 kB | 4.5 kBProgress (3): 1.1/1.5 MB | 357 kB | 4.5 kBProgress (3): 1.1/1.5 MB | 357 kB | 4.5 kBProgress (3): 1.1/1.5 MB | 357 kB | 4.5 kBProgress (3): 1.1/1.5 MB | 357 kB | 4.5 kBProgress (3): 1.1/1.5 MB | 357 kB | 4.5 kBProgress (3): 1.1/1.5 MB | 357 kB | 4.5 kBProgress (3): 1.1/1.5 MB | 357 kB | 4.5 kBProgress (3): 1.1/1.5 MB | 357 kB | 4.5 kBProgress (3): 1.1/1.5 MB | 357 kB | 4.5 kBProgress (3): 1.1/1.5 MB | 357 kB | 4.5 kBProgress (3): 1.1/1.5 MB | 357 kB | 4.5 kBProgress (3): 1.1/1.5 MB | 357 kB | 4.5 kBProgress (3): 1.2/1.5 MB | 357 kB | 4.5 kBProgress (3): 1.2/1.5 MB | 357 kB | 4.5 kBProgress (3): 1.2/1.5 MB | 357 kB | 4.5 kBProgress (3): 1.2/1.5 MB | 357 kB | 4.5 kBProgress (3): 1.2/1.5 MB | 357 kB | 4.5 kBProgress (3): 1.2/1.5 MB | 357 kB | 4.5 kBProgress (3): 1.2/1.5 MB | 357 kB | 4.5 kBProgress (3): 1.2/1.5 MB | 357 kB | 4.5 kBProgress (3): 1.2/1.5 MB | 357 kB | 4.5 kBProgress (3): 1.2/1.5 MB | 357 kB | 4.5 kBProgress (3): 1.2/1.5 MB | 357 kB | 4.5 kBProgress (3): 1.3/1.5 MB | 357 kB | 4.5 kBProgress (3): 1.3/1.5 MB | 357 kB | 4.5 kBProgress (3): 1.3/1.5 MB | 357 kB | 4.5 kBProgress (3): 1.3/1.5 MB | 357 kB | 4.5 kBProgress (3): 1.3/1.5 MB | 357 kB | 4.5 kBProgress (3): 1.3/1.5 MB | 357 kB | 4.5 kBProgress (3): 1.3/1.5 MB | 357 kB | 4.5 kBProgress (3): 1.3/1.5 MB | 357 kB | 4.5 kBProgress (3): 1.3/1.5 MB | 357 kB | 4.5 kBProgress (3): 1.3/1.5 MB | 357 kB | 4.5 kBProgress (3): 1.3/1.5 MB | 357 kB | 4.5 kBProgress (3): 1.3/1.5 MB | 357 kB | 4.5 kBProgress (3): 1.3/1.5 MB | 357 kB | 4.5 kBProgress (3): 1.4/1.5 MB | 357 kB | 4.5 kBProgress (3): 1.4/1.5 MB | 357 kB | 4.5 kBProgress (3): 1.4/1.5 MB | 357 kB | 4.5 kBProgress (3): 1.4/1.5 MB | 357 kB | 4.5 kBProgress (3): 1.4/1.5 MB | 357 kB | 4.5 kB                                          Downloaded from central: https://repo.maven.apache.org/maven2/org/sonatype/sisu/sisu-guice/3.1.0/sisu-guice-3.1.0-no_aop.jar (357 kB at 896 kB/s)
Progress (2): 1.4/1.5 MB | 4.5 kB                                 Downloading from central: https://repo.maven.apache.org/maven2/org/apache/maven/shared/maven-filtering/3.2.0/maven-filtering-3.2.0.jar
Progress (2): 1.4/1.5 MB | 4.5 kBProgress (2): 1.4/1.5 MB | 4.5 kBProgress (2): 1.4/1.5 MB | 4.5 kBProgress (2): 1.4/1.5 MB | 4.5 kBProgress (2): 1.4/1.5 MB | 4.5 kBProgress (2): 1.4/1.5 MB | 4.5 kBProgress (2): 1.5/1.5 MB | 4.5 kBProgress (2): 1.5/1.5 MB | 4.5 kBProgress (2): 1.5/1.5 MB | 4.5 kBProgress (2): 1.5/1.5 MB | 4.5 kBProgress (2): 1.5/1.5 MB | 4.5 kBProgress (2): 1.5/1.5 MB | 4.5 kBProgress (2): 1.5 MB | 4.5 kB                                 Downloaded from central: https://repo.maven.apache.org/maven2/aopalliance/aopalliance/1.0/aopalliance-1.0.jar (4.5 kB at 11 kB/s)
Downloading from central: https://repo.maven.apache.org/maven2/org/apache/maven/shared/maven-shared-utils/3.3.3/maven-shared-utils-3.3.3.jar
Progress (2): 1.5 MB | 4.1/44 kBProgress (2): 1.5 MB | 7.7/44 kBProgress (2): 1.5 MB | 12/44 kB Progress (2): 1.5 MB | 16/44 kBProgress (3): 1.5 MB | 16/44 kB | 4.1/202 kBProgress (3): 1.5 MB | 16/44 kB | 7.7/202 kBProgress (3): 1.5 MB | 16/44 kB | 12/202 kB Progress (3): 1.5 MB | 16/44 kB | 16/202 kBProgress (3): 1.5 MB | 16/44 kB | 20/202 kBProgress (3): 1.5 MB | 16/44 kB | 24/202 kBProgress (3): 1.5 MB | 16/44 kB | 28/202 kBProgress (3): 1.5 MB | 16/44 kB | 32/202 kBProgress (3): 1.5 MB | 20/44 kB | 32/202 kBProgress (3): 1.5 MB | 20/44 kB | 36/202 kBProgress (3): 1.5 MB | 24/44 kB | 36/202 kBProgress (3): 1.5 MB | 28/44 kB | 36/202 kBProgress (3): 1.5 MB | 28/44 kB | 40/202 kBProgress (3): 1.5 MB | 32/44 kB | 40/202 kBProgress (3): 1.5 MB | 32/44 kB | 45/202 kBProgress (3): 1.5 MB | 32/44 kB | 49/202 kBProgress (3): 1.5 MB | 36/44 kB | 49/202 kBProgress (3): 1.5 MB | 36/44 kB | 53/202 kBProgress (3): 1.5 MB | 40/44 kB | 53/202 kBProgress (3): 1.5 MB | 44 kB | 53/202 kB   Progress (3): 1.5 MB | 44 kB | 57/202 kBProgress (3): 1.5 MB | 44 kB | 61/202 kBProgress (3): 1.5 MB | 44 kB | 65/202 kBProgress (3): 1.5 MB | 44 kB | 69/202 kBProgress (3): 1.5 MB | 44 kB | 73/202 kBProgress (3): 1.5 MB | 44 kB | 77/202 kBProgress (3): 1.5 MB | 44 kB | 81/202 kBProgress (3): 1.5 MB | 44 kB | 86/202 kBProgress (3): 1.5 MB | 44 kB | 90/202 kBProgress (3): 1.5 MB | 44 kB | 94/202 kBProgress (3): 1.5 MB | 44 kB | 98/202 kBProgress (3): 1.5 MB | 44 kB | 102/202 kBProgress (3): 1.5 MB | 44 kB | 106/202 kBProgress (3): 1.5 MB | 44 kB | 110/202 kBProgress (3): 1.5 MB | 44 kB | 114/202 kBProgress (3): 1.5 MB | 44 kB | 118/202 kBProgress (3): 1.5 MB | 44 kB | 122/202 kBProgress (3): 1.5 MB | 44 kB | 127/202 kBProgress (3): 1.5 MB | 44 kB | 131/202 kBProgress (3): 1.5 MB | 44 kB | 135/202 kBProgress (3): 1.5 MB | 44 kB | 139/202 kBProgress (3): 1.5 MB | 44 kB | 143/202 kBProgress (3): 1.5 MB | 44 kB | 147/202 kBProgress (3): 1.5 MB | 44 kB | 151/202 kBProgress (3): 1.5 MB | 44 kB | 155/202 kBProgress (3): 1.5 MB | 44 kB | 159/202 kBProgress (3): 1.5 MB | 44 kB | 163/202 kBProgress (3): 1.5 MB | 44 kB | 167/202 kBProgress (3): 1.5 MB | 44 kB | 172/202 kBProgress (3): 1.5 MB | 44 kB | 176/202 kBProgress (3): 1.5 MB | 44 kB | 180/202 kBProgress (4): 1.5 MB | 44 kB | 180/202 kB | 4.1/52 kBProgress (5): 1.5 MB | 44 kB | 180/202 kB | 4.1/52 kB | 4.1/154 kBProgress (5): 1.5 MB | 44 kB | 184/202 kB | 4.1/52 kB | 4.1/154 kBProgress (5): 1.5 MB | 44 kB | 184/202 kB | 4.1/52 kB | 7.7/154 kBProgress (5): 1.5 MB | 44 kB | 184/202 kB | 7.7/52 kB | 7.7/154 kBProgress (5): 1.5 MB | 44 kB | 184/202 kB | 7.7/52 kB | 12/154 kB Progress (5): 1.5 MB | 44 kB | 188/202 kB | 7.7/52 kB | 12/154 kBProgress (5): 1.5 MB | 44 kB | 188/202 kB | 12/52 kB | 12/154 kB Progress (5): 1.5 MB | 44 kB | 192/202 kB | 12/52 kB | 12/154 kBProgress (5): 1.5 MB | 44 kB | 192/202 kB | 12/52 kB | 16/154 kBProgress (5): 1.5 MB | 44 kB | 196/202 kB | 12/52 kB | 16/154 kBProgress (5): 1.5 MB | 44 kB | 196/202 kB | 16/52 kB | 16/154 kBProgress (5): 1.5 MB | 44 kB | 196/202 kB | 16/52 kB | 20/154 kBProgress (5): 1.5 MB | 44 kB | 200/202 kB | 16/52 kB | 20/154 kBProgress (5): 1.5 MB | 44 kB | 200/202 kB | 20/52 kB | 20/154 kBProgress (5): 1.5 MB | 44 kB | 202 kB | 20/52 kB | 20/154 kB    Progress (5): 1.5 MB | 44 kB | 202 kB | 20/52 kB | 24/154 kBProgress (5): 1.5 MB | 44 kB | 202 kB | 20/52 kB | 28/154 kBProgress (5): 1.5 MB | 44 kB | 202 kB | 24/52 kB | 28/154 kBProgress (5): 1.5 MB | 44 kB | 202 kB | 28/52 kB | 28/154 kBProgress (5): 1.5 MB | 44 kB | 202 kB | 28/52 kB | 32/154 kBProgress (5): 1.5 MB | 44 kB | 202 kB | 32/52 kB | 32/154 kBProgress (5): 1.5 MB | 44 kB | 202 kB | 32/52 kB | 36/154 kBProgress (5): 1.5 MB | 44 kB | 202 kB | 36/52 kB | 36/154 kBProgress (5): 1.5 MB | 44 kB | 202 kB | 36/52 kB | 40/154 kBProgress (5): 1.5 MB | 44 kB | 202 kB | 40/52 kB | 40/154 kBProgress (5): 1.5 MB | 44 kB | 202 kB | 40/52 kB | 45/154 kBProgress (5): 1.5 MB | 44 kB | 202 kB | 45/52 kB | 45/154 kBProgress (5): 1.5 MB | 44 kB | 202 kB | 45/52 kB | 49/154 kBProgress (5): 1.5 MB | 44 kB | 202 kB | 49/52 kB | 49/154 kBProgress (5): 1.5 MB | 44 kB | 202 kB | 49/52 kB | 53/154 kBProgress (5): 1.5 MB | 44 kB | 202 kB | 52 kB | 53/154 kB   Progress (5): 1.5 MB | 44 kB | 202 kB | 52 kB | 57/154 kBProgress (5): 1.5 MB | 44 kB | 202 kB | 52 kB | 61/154 kBProgress (5): 1.5 MB | 44 kB | 202 kB | 52 kB | 65/154 kBProgress (5): 1.5 MB | 44 kB | 202 kB | 52 kB | 69/154 kBProgress (5): 1.5 MB | 44 kB | 202 kB | 52 kB | 73/154 kBProgress (5): 1.5 MB | 44 kB | 202 kB | 52 kB | 77/154 kBProgress (5): 1.5 MB | 44 kB | 202 kB | 52 kB | 81/154 kBProgress (5): 1.5 MB | 44 kB | 202 kB | 52 kB | 86/154 kBProgress (5): 1.5 MB | 44 kB | 202 kB | 52 kB | 90/154 kBProgress (5): 1.5 MB | 44 kB | 202 kB | 52 kB | 94/154 kBProgress (5): 1.5 MB | 44 kB | 202 kB | 52 kB | 98/154 kBProgress (5): 1.5 MB | 44 kB | 202 kB | 52 kB | 102/154 kBProgress (5): 1.5 MB | 44 kB | 202 kB | 52 kB | 106/154 kBProgress (5): 1.5 MB | 44 kB | 202 kB | 52 kB | 110/154 kBProgress (5): 1.5 MB | 44 kB | 202 kB | 52 kB | 114/154 kBProgress (5): 1.5 MB | 44 kB | 202 kB | 52 kB | 118/154 kBProgress (5): 1.5 MB | 44 kB | 202 kB | 52 kB | 122/154 kBProgress (5): 1.5 MB | 44 kB | 202 kB | 52 kB | 127/154 kBProgress (5): 1.5 MB | 44 kB | 202 kB | 52 kB | 131/154 kBProgress (5): 1.5 MB | 44 kB | 202 kB | 52 kB | 135/154 kBProgress (5): 1.5 MB | 44 kB | 202 kB | 52 kB | 139/154 kBProgress (5): 1.5 MB | 44 kB | 202 kB | 52 kB | 143/154 kBProgress (5): 1.5 MB | 44 kB | 202 kB | 52 kB | 147/154 kBProgress (5): 1.5 MB | 44 kB | 202 kB | 52 kB | 151/154 kBProgress (5): 1.5 MB | 44 kB | 202 kB | 52 kB | 154 kB                                                          Downloaded from central: https://repo.maven.apache.org/maven2/asm/asm/3.3.1/asm-3.3.1.jar (44 kB at 95 kB/s)
Downloading from central: https://repo.maven.apache.org/maven2/org/apache/commons/commons-lang3/3.8.1/commons-lang3-3.8.1.jar
Downloaded from central: https://repo.maven.apache.org/maven2/org/apache/maven/shared/maven-filtering/3.2.0/maven-filtering-3.2.0.jar (52 kB at 112 kB/s)
Downloaded from central: https://repo.maven.apache.org/maven2/org/eclipse/sisu/org.eclipse.sisu.inject/0.0.0.M2a/org.eclipse.sisu.inject-0.0.0.M2a.jar (202 kB at 436 kB/s)
Downloaded from central: https://repo.maven.apache.org/maven2/org/apache/maven/shared/maven-shared-utils/3.3.3/maven-shared-utils-3.3.3.jar (154 kB at 322 kB/s)
Downloaded from central: https://repo.maven.apache.org/maven2/com/google/guava/guava/10.0.1/guava-10.0.1.jar (1.5 MB at 3.1 MB/s)
Progress (1): 3.7/502 kBProgress (1): 7.8/502 kBProgress (1): 12/502 kB Progress (1): 16/502 kBProgress (1): 20/502 kBProgress (1): 24/502 kBProgress (1): 28/502 kBProgress (1): 32/502 kBProgress (1): 36/502 kBProgress (1): 41/502 kBProgress (1): 45/502 kBProgress (1): 49/502 kBProgress (1): 53/502 kBProgress (1): 57/502 kBProgress (1): 61/502 kBProgress (1): 65/502 kBProgress (1): 69/502 kBProgress (1): 73/502 kBProgress (1): 77/502 kBProgress (1): 82/502 kBProgress (1): 86/502 kBProgress (1): 90/502 kBProgress (1): 94/502 kBProgress (1): 98/502 kBProgress (1): 102/502 kBProgress (1): 106/502 kBProgress (1): 110/502 kBProgress (1): 114/502 kBProgress (1): 118/502 kBProgress (1): 122/502 kBProgress (1): 127/502 kBProgress (1): 131/502 kBProgress (1): 135/502 kBProgress (1): 139/502 kBProgress (1): 143/502 kBProgress (1): 147/502 kBProgress (1): 151/502 kBProgress (1): 155/502 kBProgress (1): 159/502 kBProgress (1): 163/502 kBProgress (1): 168/502 kBProgress (1): 172/502 kBProgress (1): 176/502 kBProgress (1): 180/502 kBProgress (1): 184/502 kBProgress (1): 188/502 kBProgress (1): 192/502 kBProgress (1): 196/502 kBProgress (1): 200/502 kBProgress (1): 204/502 kBProgress (1): 209/502 kBProgress (1): 213/502 kBProgress (1): 217/502 kBProgress (1): 221/502 kBProgress (1): 225/502 kBProgress (1): 229/502 kBProgress (1): 233/502 kBProgress (1): 237/502 kBProgress (1): 241/502 kBProgress (1): 245/502 kBProgress (1): 249/502 kBProgress (1): 254/502 kBProgress (1): 258/502 kBProgress (1): 262/502 kBProgress (1): 266/502 kBProgress (1): 270/502 kBProgress (1): 274/502 kBProgress (1): 278/502 kBProgress (1): 282/502 kBProgress (1): 286/502 kBProgress (1): 290/502 kBProgress (1): 295/502 kBProgress (1): 299/502 kBProgress (1): 303/502 kBProgress (1): 307/502 kBProgress (1): 311/502 kBProgress (1): 315/502 kBProgress (1): 319/502 kBProgress (1): 323/502 kBProgress (1): 327/502 kBProgress (1): 331/502 kBProgress (1): 335/502 kBProgress (1): 340/502 kBProgress (1): 344/502 kBProgress (1): 348/502 kBProgress (1): 352/502 kBProgress (1): 356/502 kBProgress (1): 360/502 kBProgress (1): 364/502 kBProgress (1): 368/502 kBProgress (1): 372/502 kBProgress (1): 376/502 kBProgress (1): 381/502 kBProgress (1): 385/502 kBProgress (1): 389/502 kBProgress (1): 393/502 kBProgress (1): 397/502 kBProgress (1): 401/502 kBProgress (1): 405/502 kBProgress (1): 409/502 kBProgress (1): 413/502 kBProgress (1): 417/502 kBProgress (1): 422/502 kBProgress (1): 426/502 kBProgress (1): 430/502 kBProgress (1): 434/502 kBProgress (1): 438/502 kBProgress (1): 442/502 kBProgress (1): 446/502 kBProgress (1): 450/502 kBProgress (1): 454/502 kBProgress (1): 458/502 kBProgress (1): 462/502 kBProgress (1): 467/502 kBProgress (1): 471/502 kBProgress (1): 475/502 kBProgress (1): 479/502 kBProgress (1): 483/502 kBProgress (1): 487/502 kBProgress (1): 491/502 kBProgress (1): 495/502 kBProgress (1): 499/502 kBProgress (1): 502 kB                        Downloaded from central: https://repo.maven.apache.org/maven2/org/apache/commons/commons-lang3/3.8.1/commons-lang3-3.8.1.jar (502 kB at 911 kB/s)
[[1;34mINFO[m] Using 'UTF-8' encoding to copy filtered resources.
[[1;34mINFO[m] Using 'UTF-8' encoding to copy filtered properties files.
[[1;34mINFO[m] Copying 1 resource
[[1;34mINFO[m] Copying 1 resource
[[1;34mINFO[m] 
[[1;34mINFO[m] [1m--- [0;32mmaven-compiler-plugin:3.10.1:compile[m [1m(default-compile)[m @ [36mnanas[0;1m ---[m
Downloading from central: https://repo.maven.apache.org/maven2/org/codehaus/plexus/plexus-java/1.1.1/plexus-java-1.1.1.pom
Progress (1): 4.1 kBProgress (1): 5.0 kB                    Downloaded from central: https://repo.maven.apache.org/maven2/org/codehaus/plexus/plexus-java/1.1.1/plexus-java-1.1.1.pom (5.0 kB at 68 kB/s)
Downloading from central: https://repo.maven.apache.org/maven2/org/codehaus/plexus/plexus-languages/1.1.1/plexus-languages-1.1.1.pom
Progress (1): 4.1 kBProgress (1): 4.6 kB                    Downloaded from central: https://repo.maven.apache.org/maven2/org/codehaus/plexus/plexus-languages/1.1.1/plexus-languages-1.1.1.pom (4.6 kB at 65 kB/s)
Downloading from central: https://repo.maven.apache.org/maven2/org/codehaus/plexus/plexus/8/plexus-8.pom
Progress (1): 4.1 kBProgress (1): 8.2 kBProgress (1): 12 kB Progress (1): 16 kBProgress (1): 20 kBProgress (1): 25 kBProgress (1): 25 kB                   Downloaded from central: https://repo.maven.apache.org/maven2/org/codehaus/plexus/plexus/8/plexus-8.pom (25 kB at 446 kB/s)
Downloading from central: https://repo.maven.apache.org/maven2/org/ow2/asm/asm/9.2/asm-9.2.pom
Progress (1): 2.4 kB                    Downloaded from central: https://repo.maven.apache.org/maven2/org/ow2/asm/asm/9.2/asm-9.2.pom (2.4 kB at 40 kB/s)
Downloading from central: https://repo.maven.apache.org/maven2/com/thoughtworks/qdox/qdox/2.0.1/qdox-2.0.1.pom
Progress (1): 4.1 kBProgress (1): 8.2 kBProgress (1): 12 kB Progress (1): 16 kB                   Downloaded from central: https://repo.maven.apache.org/maven2/com/thoughtworks/qdox/qdox/2.0.1/qdox-2.0.1.pom (16 kB at 263 kB/s)
Downloading from central: https://repo.maven.apache.org/maven2/org/codehaus/plexus/plexus-compiler-api/2.11.1/plexus-compiler-api-2.11.1.pom
Progress (1): 1.1 kB                    Downloaded from central: https://repo.maven.apache.org/maven2/org/codehaus/plexus/plexus-compiler-api/2.11.1/plexus-compiler-api-2.11.1.pom (1.1 kB at 21 kB/s)
Downloading from central: https://repo.maven.apache.org/maven2/org/codehaus/plexus/plexus-compiler/2.11.1/plexus-compiler-2.11.1.pom
Progress (1): 4.1 kBProgress (1): 8.1 kB                    Downloaded from central: https://repo.maven.apache.org/maven2/org/codehaus/plexus/plexus-compiler/2.11.1/plexus-compiler-2.11.1.pom (8.1 kB at 140 kB/s)
Downloading from central: https://repo.maven.apache.org/maven2/org/codehaus/plexus/plexus-components/6.6/plexus-components-6.6.pom
Progress (1): 2.7 kB                    Downloaded from central: https://repo.maven.apache.org/maven2/org/codehaus/plexus/plexus-components/6.6/plexus-components-6.6.pom (2.7 kB at 45 kB/s)
Downloading from central: https://repo.maven.apache.org/maven2/org/codehaus/plexus/plexus-utils/3.4.1/plexus-utils-3.4.1.pom
Progress (1): 4.1 kBProgress (1): 8.0 kB                    Downloaded from central: https://repo.maven.apache.org/maven2/org/codehaus/plexus/plexus-utils/3.4.1/plexus-utils-3.4.1.pom (8.0 kB at 114 kB/s)
Downloading from central: https://repo.maven.apache.org/maven2/org/codehaus/plexus/plexus-compiler-manager/2.11.1/plexus-compiler-manager-2.11.1.pom
Progress (1): 1.1 kB                    Downloaded from central: https://repo.maven.apache.org/maven2/org/codehaus/plexus/plexus-compiler-manager/2.11.1/plexus-compiler-manager-2.11.1.pom (1.1 kB at 19 kB/s)
Downloading from central: https://repo.maven.apache.org/maven2/org/codehaus/plexus/plexus-compiler-javac/2.11.1/plexus-compiler-javac-2.11.1.pom
Progress (1): 1.2 kB                    Downloaded from central: https://repo.maven.apache.org/maven2/org/codehaus/plexus/plexus-compiler-javac/2.11.1/plexus-compiler-javac-2.11.1.pom (1.2 kB at 17 kB/s)
Downloading from central: https://repo.maven.apache.org/maven2/org/codehaus/plexus/plexus-compilers/2.11.1/plexus-compilers-2.11.1.pom
Progress (1): 1.3 kB                    Downloaded from central: https://repo.maven.apache.org/maven2/org/codehaus/plexus/plexus-compilers/2.11.1/plexus-compilers-2.11.1.pom (1.3 kB at 23 kB/s)
Downloading from central: https://repo.maven.apache.org/maven2/org/codehaus/plexus/plexus-java/1.1.1/plexus-java-1.1.1.jar
Downloading from central: https://repo.maven.apache.org/maven2/org/ow2/asm/asm/9.2/asm-9.2.jar
Downloading from central: https://repo.maven.apache.org/maven2/com/thoughtworks/qdox/qdox/2.0.1/qdox-2.0.1.jar
Downloading from central: https://repo.maven.apache.org/maven2/org/codehaus/plexus/plexus-compiler-api/2.11.1/plexus-compiler-api-2.11.1.jar
Downloading from central: https://repo.maven.apache.org/maven2/org/codehaus/plexus/plexus-utils/3.4.1/plexus-utils-3.4.1.jar
Progress (1): 3.7/27 kBProgress (2): 3.7/27 kB | 4.1/122 kBProgress (2): 7.8/27 kB | 4.1/122 kBProgress (2): 7.8/27 kB | 7.7/122 kBProgress (2): 12/27 kB | 7.7/122 kB Progress (2): 12/27 kB | 12/122 kB Progress (2): 16/27 kB | 12/122 kBProgress (2): 16/27 kB | 16/122 kBProgress (2): 20/27 kB | 16/122 kBProgress (2): 20/27 kB | 20/122 kBProgress (2): 24/27 kB | 20/122 kBProgress (2): 27 kB | 20/122 kB   Progress (2): 27 kB | 24/122 kBProgress (2): 27 kB | 28/122 kBProgress (2): 27 kB | 32/122 kBProgress (2): 27 kB | 36/122 kBProgress (2): 27 kB | 41/122 kBProgress (2): 27 kB | 45/122 kBProgress (2): 27 kB | 49/122 kBProgress (2): 27 kB | 53/122 kBProgress (2): 27 kB | 57/122 kBProgress (2): 27 kB | 61/122 kBProgress (2): 27 kB | 65/122 kBProgress (2): 27 kB | 69/122 kBProgress (3): 27 kB | 69/122 kB | 4.1/54 kBProgress (3): 27 kB | 69/122 kB | 7.7/54 kBProgress (3): 27 kB | 73/122 kB | 7.7/54 kBProgress (3): 27 kB | 77/122 kB | 7.7/54 kBProgress (3): 27 kB | 81/122 kB | 7.7/54 kBProgress (3): 27 kB | 86/122 kB | 7.7/54 kBProgress (3): 27 kB | 86/122 kB | 12/54 kB Progress (3): 27 kB | 86/122 kB | 16/54 kBProgress (3): 27 kB | 86/122 kB | 20/54 kBProgress (3): 27 kB | 86/122 kB | 24/54 kBProgress (3): 27 kB | 90/122 kB | 24/54 kBProgress (3): 27 kB | 94/122 kB | 24/54 kBProgress (3): 27 kB | 94/122 kB | 28/54 kBProgress (3): 27 kB | 98/122 kB | 28/54 kBProgress (3): 27 kB | 98/122 kB | 32/54 kBProgress (3): 27 kB | 102/122 kB | 32/54 kBProgress (3): 27 kB | 102/122 kB | 36/54 kBProgress (3): 27 kB | 102/122 kB | 41/54 kBProgress (3): 27 kB | 102/122 kB | 45/54 kBProgress (3): 27 kB | 106/122 kB | 45/54 kBProgress (3): 27 kB | 106/122 kB | 49/54 kBProgress (4): 27 kB | 106/122 kB | 49/54 kB | 3.8/334 kBProgress (4): 27 kB | 110/122 kB | 49/54 kB | 3.8/334 kBProgress (4): 27 kB | 110/122 kB | 53/54 kB | 3.8/334 kBProgress (4): 27 kB | 114/122 kB | 53/54 kB | 3.8/334 kBProgress (4): 27 kB | 114/122 kB | 54 kB | 3.8/334 kB   Progress (4): 27 kB | 118/122 kB | 54 kB | 3.8/334 kBProgress (4): 27 kB | 118/122 kB | 54 kB | 7.8/334 kBProgress (4): 27 kB | 122 kB | 54 kB | 7.8/334 kB    Progress (4): 27 kB | 122 kB | 54 kB | 12/334 kB Progress (4): 27 kB | 122 kB | 54 kB | 16/334 kBProgress (4): 27 kB | 122 kB | 54 kB | 20/334 kBProgress (4): 27 kB | 122 kB | 54 kB | 24/334 kBProgress (4): 27 kB | 122 kB | 54 kB | 28/334 kBProgress (4): 27 kB | 122 kB | 54 kB | 32/334 kBProgress (4): 27 kB | 122 kB | 54 kB | 37/334 kBProgress (4): 27 kB | 122 kB | 54 kB | 41/334 kBProgress (4): 27 kB | 122 kB | 54 kB | 45/334 kBProgress (4): 27 kB | 122 kB | 54 kB | 49/334 kBProgress (4): 27 kB | 122 kB | 54 kB | 53/334 kBProgress (4): 27 kB | 122 kB | 54 kB | 57/334 kBProgress (4): 27 kB | 122 kB | 54 kB | 61/334 kBProgress (4): 27 kB | 122 kB | 54 kB | 65/334 kBProgress (4): 27 kB | 122 kB | 54 kB | 69/334 kBProgress (4): 27 kB | 122 kB | 54 kB | 73/334 kBProgress (4): 27 kB | 122 kB | 54 kB | 77/334 kBProgress (4): 27 kB | 122 kB | 54 kB | 82/334 kBProgress (4): 27 kB | 122 kB | 54 kB | 86/334 kBProgress (4): 27 kB | 122 kB | 54 kB | 90/334 kBProgress (4): 27 kB | 122 kB | 54 kB | 94/334 kBProgress (4): 27 kB | 122 kB | 54 kB | 98/334 kBProgress (4): 27 kB | 122 kB | 54 kB | 102/334 kBProgress (4): 27 kB | 122 kB | 54 kB | 106/334 kBProgress (4): 27 kB | 122 kB | 54 kB | 110/334 kBProgress (4): 27 kB | 122 kB | 54 kB | 114/334 kBProgress (4): 27 kB | 122 kB | 54 kB | 118/334 kBProgress (4): 27 kB | 122 kB | 54 kB | 123/334 kBProgress (4): 27 kB | 122 kB | 54 kB | 127/334 kBProgress (4): 27 kB | 122 kB | 54 kB | 131/334 kBProgress (4): 27 kB | 122 kB | 54 kB | 135/334 kBProgress (4): 27 kB | 122 kB | 54 kB | 139/334 kBProgress (4): 27 kB | 122 kB | 54 kB | 143/334 kBProgress (4): 27 kB | 122 kB | 54 kB | 147/334 kBProgress (4): 27 kB | 122 kB | 54 kB | 151/334 kBProgress (4): 27 kB | 122 kB | 54 kB | 155/334 kBProgress (4): 27 kB | 122 kB | 54 kB | 159/334 kBProgress (4): 27 kB | 122 kB | 54 kB | 163/334 kBProgress (4): 27 kB | 122 kB | 54 kB | 168/334 kBProgress (4): 27 kB | 122 kB | 54 kB | 172/334 kBProgress (4): 27 kB | 122 kB | 54 kB | 176/334 kBProgress (5): 27 kB | 122 kB | 54 kB | 176/334 kB | 3.7/264 kBProgress (5): 27 kB | 122 kB | 54 kB | 180/334 kB | 3.7/264 kBProgress (5): 27 kB | 122 kB | 54 kB | 184/334 kB | 3.7/264 kBProgress (5): 27 kB | 122 kB | 54 kB | 184/334 kB | 7.8/264 kBProgress (5): 27 kB | 122 kB | 54 kB | 188/334 kB | 7.8/264 kBProgress (5): 27 kB | 122 kB | 54 kB | 188/334 kB | 12/264 kB Progress (5): 27 kB | 122 kB | 54 kB | 192/334 kB | 12/264 kBProgress (5): 27 kB | 122 kB | 54 kB | 192/334 kB | 16/264 kBProgress (5): 27 kB | 122 kB | 54 kB | 192/334 kB | 20/264 kBProgress (5): 27 kB | 122 kB | 54 kB | 196/334 kB | 20/264 kBProgress (5): 27 kB | 122 kB | 54 kB | 196/334 kB | 24/264 kBProgress (5): 27 kB | 122 kB | 54 kB | 200/334 kB | 24/264 kBProgress (5): 27 kB | 122 kB | 54 kB | 200/334 kB | 28/264 kBProgress (5): 27 kB | 122 kB | 54 kB | 204/334 kB | 28/264 kBProgress (5): 27 kB | 122 kB | 54 kB | 204/334 kB | 32/264 kBProgress (5): 27 kB | 122 kB | 54 kB | 209/334 kB | 32/264 kBProgress (5): 27 kB | 122 kB | 54 kB | 209/334 kB | 36/264 kBProgress (5): 27 kB | 122 kB | 54 kB | 209/334 kB | 41/264 kBProgress (5): 27 kB | 122 kB | 54 kB | 213/334 kB | 41/264 kBProgress (5): 27 kB | 122 kB | 54 kB | 213/334 kB | 45/264 kBProgress (5): 27 kB | 122 kB | 54 kB | 217/334 kB | 45/264 kBProgress (5): 27 kB | 122 kB | 54 kB | 217/334 kB | 49/264 kBProgress (5): 27 kB | 122 kB | 54 kB | 221/334 kB | 49/264 kBProgress (5): 27 kB | 122 kB | 54 kB | 221/334 kB | 53/264 kBProgress (5): 27 kB | 122 kB | 54 kB | 225/334 kB | 53/264 kBProgress (5): 27 kB | 122 kB | 54 kB | 225/334 kB | 57/264 kBProgress (5): 27 kB | 122 kB | 54 kB | 225/334 kB | 61/264 kBProgress (5): 27 kB | 122 kB | 54 kB | 229/334 kB | 61/264 kBProgress (5): 27 kB | 122 kB | 54 kB | 229/334 kB | 65/264 kBProgress (5): 27 kB | 122 kB | 54 kB | 233/334 kB | 65/264 kBProgress (5): 27 kB | 122 kB | 54 kB | 233/334 kB | 69/264 kBProgress (5): 27 kB | 122 kB | 54 kB | 237/334 kB | 69/264 kBProgress (5): 27 kB | 122 kB | 54 kB | 241/334 kB | 69/264 kBProgress (5): 27 kB | 122 kB | 54 kB | 241/334 kB | 73/264 kBProgress (5): 27 kB | 122 kB | 54 kB | 241/334 kB | 77/264 kBProgress (5): 27 kB | 122 kB | 54 kB | 245/334 kB | 77/264 kBProgress (5): 27 kB | 122 kB | 54 kB | 245/334 kB | 82/264 kBProgress (5): 27 kB | 122 kB | 54 kB | 250/334 kB | 82/264 kBProgress (5): 27 kB | 122 kB | 54 kB | 250/334 kB | 86/264 kBProgress (5): 27 kB | 122 kB | 54 kB | 254/334 kB | 86/264 kBProgress (5): 27 kB | 122 kB | 54 kB | 258/334 kB | 86/264 kBProgress (5): 27 kB | 122 kB | 54 kB | 258/334 kB | 90/264 kBProgress (5): 27 kB | 122 kB | 54 kB | 258/334 kB | 94/264 kBProgress (5): 27 kB | 122 kB | 54 kB | 258/334 kB | 98/264 kBProgress (5): 27 kB | 122 kB | 54 kB | 258/334 kB | 102/264 kBProgress (5): 27 kB | 122 kB | 54 kB | 262/334 kB | 102/264 kB                                                              Downloaded from central: https://repo.maven.apache.org/maven2/org/codehaus/plexus/plexus-compiler-api/2.11.1/plexus-compiler-api-2.11.1.jar (27 kB at 518 kB/s)
Progress (4): 122 kB | 54 kB | 262/334 kB | 106/264 kBProgress (4): 122 kB | 54 kB | 266/334 kB | 106/264 kBProgress (4): 122 kB | 54 kB | 266/334 kB | 110/264 kB                                                      Downloading from central: https://repo.maven.apache.org/maven2/org/codehaus/plexus/plexus-compiler-manager/2.11.1/plexus-compiler-manager-2.11.1.jar
Progress (4): 122 kB | 54 kB | 266/334 kB | 114/264 kBProgress (4): 122 kB | 54 kB | 270/334 kB | 114/264 kBProgress (4): 122 kB | 54 kB | 270/334 kB | 118/264 kBProgress (4): 122 kB | 54 kB | 274/334 kB | 118/264 kBProgress (4): 122 kB | 54 kB | 274/334 kB | 122/264 kBProgress (4): 122 kB | 54 kB | 274/334 kB | 127/264 kBProgress (4): 122 kB | 54 kB | 278/334 kB | 127/264 kBProgress (4): 122 kB | 54 kB | 278/334 kB | 131/264 kBProgress (4): 122 kB | 54 kB | 282/334 kB | 131/264 kBProgress (4): 122 kB | 54 kB | 282/334 kB | 135/264 kBProgress (4): 122 kB | 54 kB | 286/334 kB | 135/264 kBProgress (4): 122 kB | 54 kB | 290/334 kB | 135/264 kBProgress (4): 122 kB | 54 kB | 290/334 kB | 139/264 kBProgress (4): 122 kB | 54 kB | 290/334 kB | 143/264 kBProgress (4): 122 kB | 54 kB | 290/334 kB | 147/264 kBProgress (4): 122 kB | 54 kB | 295/334 kB | 147/264 kBProgress (4): 122 kB | 54 kB | 295/334 kB | 151/264 kBProgress (4): 122 kB | 54 kB | 299/334 kB | 151/264 kBProgress (4): 122 kB | 54 kB | 303/334 kB | 151/264 kBProgress (4): 122 kB | 54 kB | 307/334 kB | 151/264 kBProgress (4): 122 kB | 54 kB | 307/334 kB | 155/264 kBProgress (4): 122 kB | 54 kB | 307/334 kB | 159/264 kBProgress (4): 122 kB | 54 kB | 307/334 kB | 163/264 kBProgress (4): 122 kB | 54 kB | 311/334 kB | 163/264 kBProgress (4): 122 kB | 54 kB | 311/334 kB | 168/264 kBProgress (4): 122 kB | 54 kB | 315/334 kB | 168/264 kBProgress (4): 122 kB | 54 kB | 319/334 kB | 168/264 kBProgress (4): 122 kB | 54 kB | 323/334 kB | 168/264 kBProgress (4): 122 kB | 54 kB | 323/334 kB | 172/264 kB                                                      Downloaded from central: https://repo.maven.apache.org/maven2/org/codehaus/plexus/plexus-java/1.1.1/plexus-java-1.1.1.jar (54 kB at 944 kB/s)
Progress (3): 122 kB | 327/334 kB | 172/264 kBProgress (3): 122 kB | 327/334 kB | 176/264 kBProgress (3): 122 kB | 331/334 kB | 176/264 kB                                              Downloading from central: https://repo.maven.apache.org/maven2/org/codehaus/plexus/plexus-compiler-javac/2.11.1/plexus-compiler-javac-2.11.1.jar
Progress (3): 122 kB | 334 kB | 176/264 kBProgress (3): 122 kB | 334 kB | 180/264 kBProgress (3): 122 kB | 334 kB | 184/264 kBProgress (3): 122 kB | 334 kB | 188/264 kBProgress (3): 122 kB | 334 kB | 192/264 kBProgress (3): 122 kB | 334 kB | 196/264 kBProgress (3): 122 kB | 334 kB | 200/264 kBProgress (3): 122 kB | 334 kB | 204/264 kBProgress (3): 122 kB | 334 kB | 209/264 kBProgress (3): 122 kB | 334 kB | 213/264 kBProgress (3): 122 kB | 334 kB | 217/264 kBProgress (3): 122 kB | 334 kB | 221/264 kBProgress (3): 122 kB | 334 kB | 225/264 kBProgress (3): 122 kB | 334 kB | 229/264 kBProgress (3): 122 kB | 334 kB | 233/264 kBProgress (3): 122 kB | 334 kB | 237/264 kBProgress (3): 122 kB | 334 kB | 241/264 kBProgress (3): 122 kB | 334 kB | 245/264 kBProgress (3): 122 kB | 334 kB | 249/264 kBProgress (3): 122 kB | 334 kB | 254/264 kBProgress (3): 122 kB | 334 kB | 258/264 kBProgress (3): 122 kB | 334 kB | 262/264 kBProgress (3): 122 kB | 334 kB | 264 kB                                          Downloaded from central: https://repo.maven.apache.org/maven2/org/ow2/asm/asm/9.2/asm-9.2.jar (122 kB at 1.7 MB/s)
Progress (3): 334 kB | 264 kB | 3.7/4.7 kBProgress (3): 334 kB | 264 kB | 4.7 kB                                          Downloaded from central: https://repo.maven.apache.org/maven2/com/thoughtworks/qdox/qdox/2.0.1/qdox-2.0.1.jar (334 kB at 4.1 MB/s)
Progress (3): 264 kB | 4.7 kB | 3.7/23 kBProgress (3): 264 kB | 4.7 kB | 7.8/23 kBProgress (3): 264 kB | 4.7 kB | 12/23 kB Progress (3): 264 kB | 4.7 kB | 16/23 kBProgress (3): 264 kB | 4.7 kB | 20/23 kBProgress (3): 264 kB | 4.7 kB | 23 kB                                        Downloaded from central: https://repo.maven.apache.org/maven2/org/codehaus/plexus/plexus-utils/3.4.1/plexus-utils-3.4.1.jar (264 kB at 2.6 MB/s)
Downloaded from central: https://repo.maven.apache.org/maven2/org/codehaus/plexus/plexus-compiler-manager/2.11.1/plexus-compiler-manager-2.11.1.jar (4.7 kB at 43 kB/s)
Downloaded from central: https://repo.maven.apache.org/maven2/org/codehaus/plexus/plexus-compiler-javac/2.11.1/plexus-compiler-javac-2.11.1.jar (23 kB at 170 kB/s)
[[1;34mINFO[m] Changes detected - recompiling the module!
[[1;34mINFO[m] Compiling 28 source files to /home/ubuntu/nanas-backend/target/classes
[[1;34mINFO[m] -------------------------------------------------------------
[[1;31mERROR[m] COMPILATION ERROR : 
[[1;34mINFO[m] -------------------------------------------------------------
[[1;31mERROR[m] /home/ubuntu/nanas-backend/src/main/java/com/nanas/nanas/model/Categoria.java:[7,2] cannot find symbol
  symbol: class Entity
[[1;31mERROR[m] /home/ubuntu/nanas-backend/src/main/java/com/nanas/nanas/model/Categoria.java:[8,2] cannot find symbol
  symbol: class Table
[[1;31mERROR[m] /home/ubuntu/nanas-backend/src/main/java/com/nanas/nanas/model/Usuario.java:[8,2] cannot find symbol
  symbol: class Entity
[[1;31mERROR[m] /home/ubuntu/nanas-backend/src/main/java/com/nanas/nanas/model/Usuario.java:[9,2] cannot find symbol
  symbol: class Table
[[1;31mERROR[m] /home/ubuntu/nanas-backend/src/main/java/com/nanas/nanas/model/Categoria.java:[3,1] package jakarta.persistence does not exist
[[1;31mERROR[m] /home/ubuntu/nanas-backend/src/main/java/com/nanas/nanas/model/Usuario.java:[3,1] package jakarta.persistence does not exist
[[1;31mERROR[m] /home/ubuntu/nanas-backend/src/main/java/com/nanas/nanas/model/Transacao.java:[10,2] cannot find symbol
  symbol: class Entity
[[1;31mERROR[m] /home/ubuntu/nanas-backend/src/main/java/com/nanas/nanas/model/Transacao.java:[11,2] cannot find symbol
  symbol: class Table
[[1;31mERROR[m] /home/ubuntu/nanas-backend/src/main/java/com/nanas/nanas/model/Carteira.java:[9,2] cannot find symbol
  symbol: class Entity
[[1;31mERROR[m] /home/ubuntu/nanas-backend/src/main/java/com/nanas/nanas/model/Carteira.java:[10,2] cannot find symbol
  symbol: class Table
[[1;31mERROR[m] /home/ubuntu/nanas-backend/src/main/java/com/nanas/nanas/model/Transacao.java:[3,1] package jakarta.persistence does not exist
[[1;31mERROR[m] /home/ubuntu/nanas-backend/src/main/java/com/nanas/nanas/model/Carteira.java:[3,1] package jakarta.persistence does not exist
[[1;31mERROR[m] /home/ubuntu/nanas-backend/src/main/java/com/nanas/nanas/model/Categoria.java:[11,6] cannot find symbol
  symbol:   class Id
  location: class com.nanas.nanas.model.Categoria
[[1;31mERROR[m] /home/ubuntu/nanas-backend/src/main/java/com/nanas/nanas/model/Categoria.java:[12,6] cannot find symbol
  symbol:   class GeneratedValue
  location: class com.nanas.nanas.model.Categoria
[[1;31mERROR[m] /home/ubuntu/nanas-backend/src/main/java/com/nanas/nanas/model/Categoria.java:[12,32] cannot find symbol
  symbol:   variable GenerationType
  location: class com.nanas.nanas.model.Categoria
[[1;31mERROR[m] /home/ubuntu/nanas-backend/src/main/java/com/nanas/nanas/model/Categoria.java:[17,6] cannot find symbol
  symbol:   class ManyToOne
  location: class com.nanas.nanas.model.Categoria
[[1;31mERROR[m] /home/ubuntu/nanas-backend/src/main/java/com/nanas/nanas/model/Categoria.java:[18,6] cannot find symbol
  symbol:   class JoinColumn
  location: class com.nanas.nanas.model.Categoria
[[1;31mERROR[m] /home/ubuntu/nanas-backend/src/main/java/com/nanas/nanas/model/Usuario.java:[14,6] cannot find symbol
  symbol:   class Id
  location: class com.nanas.nanas.model.Usuario
[[1;31mERROR[m] /home/ubuntu/nanas-backend/src/main/java/com/nanas/nanas/model/Usuario.java:[15,6] cannot find symbol
  symbol:   class GeneratedValue
  location: class com.nanas.nanas.model.Usuario
[[1;31mERROR[m] /home/ubuntu/nanas-backend/src/main/java/com/nanas/nanas/model/Usuario.java:[15,32] cannot find symbol
  symbol:   variable GenerationType
  location: class com.nanas.nanas.model.Usuario
[[1;31mERROR[m] /home/ubuntu/nanas-backend/src/main/java/com/nanas/nanas/model/Transacao.java:[16,6] cannot find symbol
  symbol:   class Id
  location: class com.nanas.nanas.model.Transacao
[[1;31mERROR[m] /home/ubuntu/nanas-backend/src/main/java/com/nanas/nanas/model/Transacao.java:[17,6] cannot find symbol
  symbol:   class GeneratedValue
  location: class com.nanas.nanas.model.Transacao
[[1;31mERROR[m] /home/ubuntu/nanas-backend/src/main/java/com/nanas/nanas/model/Transacao.java:[17,32] cannot find symbol
  symbol:   variable GenerationType
  location: class com.nanas.nanas.model.Transacao
[[1;31mERROR[m] /home/ubuntu/nanas-backend/src/main/java/com/nanas/nanas/model/Transacao.java:[24,6] cannot find symbol
  symbol:   class ManyToOne
  location: class com.nanas.nanas.model.Transacao
[[1;31mERROR[m] /home/ubuntu/nanas-backend/src/main/java/com/nanas/nanas/model/Transacao.java:[25,6] cannot find symbol
  symbol:   class JoinColumn
  location: class com.nanas.nanas.model.Transacao
[[1;31mERROR[m] /home/ubuntu/nanas-backend/src/main/java/com/nanas/nanas/model/Transacao.java:[28,6] cannot find symbol
  symbol:   class ManyToOne
  location: class com.nanas.nanas.model.Transacao
[[1;31mERROR[m] /home/ubuntu/nanas-backend/src/main/java/com/nanas/nanas/model/Transacao.java:[29,6] cannot find symbol
  symbol:   class JoinColumn
  location: class com.nanas.nanas.model.Transacao
[[1;31mERROR[m] /home/ubuntu/nanas-backend/src/main/java/com/nanas/nanas/model/Transacao.java:[32,6] cannot find symbol
  symbol:   class ManyToOne
  location: class com.nanas.nanas.model.Transacao
[[1;31mERROR[m] /home/ubuntu/nanas-backend/src/main/java/com/nanas/nanas/model/Transacao.java:[33,6] cannot find symbol
  symbol:   class JoinColumn
  location: class com.nanas.nanas.model.Transacao
[[1;31mERROR[m] /home/ubuntu/nanas-backend/src/main/java/com/nanas/nanas/model/Transacao.java:[36,6] cannot find symbol
  symbol:   class ManyToOne
  location: class com.nanas.nanas.model.Transacao
[[1;31mERROR[m] /home/ubuntu/nanas-backend/src/main/java/com/nanas/nanas/model/Transacao.java:[37,6] cannot find symbol
  symbol:   class JoinColumn
  location: class com.nanas.nanas.model.Transacao
[[1;31mERROR[m] /home/ubuntu/nanas-backend/src/main/java/com/nanas/nanas/model/Carteira.java:[13,6] cannot find symbol
  symbol:   class Id
  location: class com.nanas.nanas.model.Carteira
[[1;31mERROR[m] /home/ubuntu/nanas-backend/src/main/java/com/nanas/nanas/model/Carteira.java:[14,6] cannot find symbol
  symbol:   class GeneratedValue
  location: class com.nanas.nanas.model.Carteira
[[1;31mERROR[m] /home/ubuntu/nanas-backend/src/main/java/com/nanas/nanas/model/Carteira.java:[14,32] cannot find symbol
  symbol:   variable GenerationType
  location: class com.nanas.nanas.model.Carteira
[[1;31mERROR[m] /home/ubuntu/nanas-backend/src/main/java/com/nanas/nanas/model/Carteira.java:[23,6] cannot find symbol
  symbol:   class ManyToOne
  location: class com.nanas.nanas.model.Carteira
[[1;31mERROR[m] /home/ubuntu/nanas-backend/src/main/java/com/nanas/nanas/model/Carteira.java:[24,6] cannot find symbol
  symbol:   class JoinColumn
  location: class com.nanas.nanas.model.Carteira
[[1;34mINFO[m] 36 errors 
[[1;34mINFO[m] -------------------------------------------------------------
[[1;34mINFO[m] [1m------------------------------------------------------------------------[m
[[1;34mINFO[m] [1;31mBUILD FAILURE[m
[[1;34mINFO[m] [1m------------------------------------------------------------------------[m
[[1;34mINFO[m] Total time:  14.086 s
[[1;34mINFO[m] Finished at: 2025-10-06T21:06:26-04:00
[[1;34mINFO[m] [1m------------------------------------------------------------------------[m
[[1;31mERROR[m] Failed to execute goal [32morg.apache.maven.plugins:maven-compiler-plugin:3.10.1:compile[m [1m(default-compile)[m on project [36mnanas[m: [1;31mCompilation failure[m: Compilation failure: 
[[1;31mERROR[m] /home/ubuntu/nanas-backend/src/main/java/com/nanas/nanas/model/Categoria.java:[7,2] cannot find symbol
[[1;31mERROR[m]   symbol: class Entity
[[1;31mERROR[m] /home/ubuntu/nanas-backend/src/main/java/com/nanas/nanas/model/Categoria.java:[8,2] cannot find symbol
[[1;31mERROR[m]   symbol: class Table
[[1;31mERROR[m] /home/ubuntu/nanas-backend/src/main/java/com/nanas/nanas/model/Usuario.java:[8,2] cannot find symbol
[[1;31mERROR[m]   symbol: class Entity
[[1;31mERROR[m] /home/ubuntu/nanas-backend/src/main/java/com/nanas/nanas/model/Usuario.java:[9,2] cannot find symbol
[[1;31mERROR[m]   symbol: class Table
[[1;31mERROR[m] /home/ubuntu/nanas-backend/src/main/java/com/nanas/nanas/model/Categoria.java:[3,1] package jakarta.persistence does not exist
[[1;31mERROR[m] /home/ubuntu/nanas-backend/src/main/java/com/nanas/nanas/model/Usuario.java:[3,1] package jakarta.persistence does not exist
[[1;31mERROR[m] /home/ubuntu/nanas-backend/src/main/java/com/nanas/nanas/model/Transacao.java:[10,2] cannot find symbol
[[1;31mERROR[m]   symbol: class Entity
[[1;31mERROR[m] /home/ubuntu/nanas-backend/src/main/java/com/nanas/nanas/model/Transacao.java:[11,2] cannot find symbol
[[1;31mERROR[m]   symbol: class Table
[[1;31mERROR[m] /home/ubuntu/nanas-backend/src/main/java/com/nanas/nanas/model/Carteira.java:[9,2] cannot find symbol
[[1;31mERROR[m]   symbol: class Entity
[[1;31mERROR[m] /home/ubuntu/nanas-backend/src/main/java/com/nanas/nanas/model/Carteira.java:[10,2] cannot find symbol
[[1;31mERROR[m]   symbol: class Table
[[1;31mERROR[m] /home/ubuntu/nanas-backend/src/main/java/com/nanas/nanas/model/Transacao.java:[3,1] package jakarta.persistence does not exist
[[1;31mERROR[m] /home/ubuntu/nanas-backend/src/main/java/com/nanas/nanas/model/Carteira.java:[3,1] package jakarta.persistence does not exist
[[1;31mERROR[m] /home/ubuntu/nanas-backend/src/main/java/com/nanas/nanas/model/Categoria.java:[11,6] cannot find symbol
[[1;31mERROR[m]   symbol:   class Id
[[1;31mERROR[m]   location: class com.nanas.nanas.model.Categoria
[[1;31mERROR[m] /home/ubuntu/nanas-backend/src/main/java/com/nanas/nanas/model/Categoria.java:[12,6] cannot find symbol
[[1;31mERROR[m]   symbol:   class GeneratedValue
[[1;31mERROR[m]   location: class com.nanas.nanas.model.Categoria
[[1;31mERROR[m] /home/ubuntu/nanas-backend/src/main/java/com/nanas/nanas/model/Categoria.java:[12,32] cannot find symbol
[[1;31mERROR[m]   symbol:   variable GenerationType
[[1;31mERROR[m]   location: class com.nanas.nanas.model.Categoria
[[1;31mERROR[m] /home/ubuntu/nanas-backend/src/main/java/com/nanas/nanas/model/Categoria.java:[17,6] cannot find symbol
[[1;31mERROR[m]   symbol:   class ManyToOne
[[1;31mERROR[m]   location: class com.nanas.nanas.model.Categoria
[[1;31mERROR[m] /home/ubuntu/nanas-backend/src/main/java/com/nanas/nanas/model/Categoria.java:[18,6] cannot find symbol
[[1;31mERROR[m]   symbol:   class JoinColumn
[[1;31mERROR[m]   location: class com.nanas.nanas.model.Categoria
[[1;31mERROR[m] /home/ubuntu/nanas-backend/src/main/java/com/nanas/nanas/model/Usuario.java:[14,6] cannot find symbol
[[1;31mERROR[m]   symbol:   class Id
[[1;31mERROR[m]   location: class com.nanas.nanas.model.Usuario
[[1;31mERROR[m] /home/ubuntu/nanas-backend/src/main/java/com/nanas/nanas/model/Usuario.java:[15,6] cannot find symbol
[[1;31mERROR[m]   symbol:   class GeneratedValue
[[1;31mERROR[m]   location: class com.nanas.nanas.model.Usuario
[[1;31mERROR[m] /home/ubuntu/nanas-backend/src/main/java/com/nanas/nanas/model/Usuario.java:[15,32] cannot find symbol
[[1;31mERROR[m]   symbol:   variable GenerationType
[[1;31mERROR[m]   location: class com.nanas.nanas.model.Usuario
[[1;31mERROR[m] /home/ubuntu/nanas-backend/src/main/java/com/nanas/nanas/model/Transacao.java:[16,6] cannot find symbol
[[1;31mERROR[m]   symbol:   class Id
[[1;31mERROR[m]   location: class com.nanas.nanas.model.Transacao
[[1;31mERROR[m] /home/ubuntu/nanas-backend/src/main/java/com/nanas/nanas/model/Transacao.java:[17,6] cannot find symbol
[[1;31mERROR[m]   symbol:   class GeneratedValue
[[1;31mERROR[m]   location: class com.nanas.nanas.model.Transacao
[[1;31mERROR[m] /home/ubuntu/nanas-backend/src/main/java/com/nanas/nanas/model/Transacao.java:[17,32] cannot find symbol
[[1;31mERROR[m]   symbol:   variable GenerationType
[[1;31mERROR[m]   location: class com.nanas.nanas.model.Transacao
[[1;31mERROR[m] /home/ubuntu/nanas-backend/src/main/java/com/nanas/nanas/model/Transacao.java:[24,6] cannot find symbol
[[1;31mERROR[m]   symbol:   class ManyToOne
[[1;31mERROR[m]   location: class com.nanas.nanas.model.Transacao
[[1;31mERROR[m] /home/ubuntu/nanas-backend/src/main/java/com/nanas/nanas/model/Transacao.java:[25,6] cannot find symbol
[[1;31mERROR[m]   symbol:   class JoinColumn
[[1;31mERROR[m]   location: class com.nanas.nanas.model.Transacao
[[1;31mERROR[m] /home/ubuntu/nanas-backend/src/main/java/com/nanas/nanas/model/Transacao.java:[28,6] cannot find symbol
[[1;31mERROR[m]   symbol:   class ManyToOne
[[1;31mERROR[m]   location: class com.nanas.nanas.model.Transacao
[[1;31mERROR[m] /home/ubuntu/nanas-backend/src/main/java/com/nanas/nanas/model/Transacao.java:[29,6] cannot find symbol
[[1;31mERROR[m]   symbol:   class JoinColumn
[[1;31mERROR[m]   location: class com.nanas.nanas.model.Transacao
[[1;31mERROR[m] /home/ubuntu/nanas-backend/src/main/java/com/nanas/nanas/model/Transacao.java:[32,6] cannot find symbol
[[1;31mERROR[m]   symbol:   class ManyToOne
[[1;31mERROR[m]   location: class com.nanas.nanas.model.Transacao
[[1;31mERROR[m] /home/ubuntu/nanas-backend/src/main/java/com/nanas/nanas/model/Transacao.java:[33,6] cannot find symbol
[[1;31mERROR[m]   symbol:   class JoinColumn
[[1;31mERROR[m]   location: class com.nanas.nanas.model.Transacao
[[1;31mERROR[m] /home/ubuntu/nanas-backend/src/main/java/com/nanas/nanas/model/Transacao.java:[36,6] cannot find symbol
[[1;31mERROR[m]   symbol:   class ManyToOne
[[1;31mERROR[m]   location: class com.nanas.nanas.model.Transacao
[[1;31mERROR[m] /home/ubuntu/nanas-backend/src/main/java/com/nanas/nanas/model/Transacao.java:[37,6] cannot find symbol
[[1;31mERROR[m]   symbol:   class JoinColumn
[[1;31mERROR[m]   location: class com.nanas.nanas.model.Transacao
[[1;31mERROR[m] /home/ubuntu/nanas-backend/src/main/java/com/nanas/nanas/model/Carteira.java:[13,6] cannot find symbol
[[1;31mERROR[m]   symbol:   class Id
[[1;31mERROR[m]   location: class com.nanas.nanas.model.Carteira
[[1;31mERROR[m] /home/ubuntu/nanas-backend/src/main/java/com/nanas/nanas/model/Carteira.java:[14,6] cannot find symbol
[[1;31mERROR[m]   symbol:   class GeneratedValue
[[1;31mERROR[m]   location: class com.nanas.nanas.model.Carteira
[[1;31mERROR[m] /home/ubuntu/nanas-backend/src/main/java/com/nanas/nanas/model/Carteira.java:[14,32] cannot find symbol
[[1;31mERROR[m]   symbol:   variable GenerationType
[[1;31mERROR[m]   location: class com.nanas.nanas.model.Carteira
[[1;31mERROR[m] /home/ubuntu/nanas-backend/src/main/java/com/nanas/nanas/model/Carteira.java:[23,6] cannot find symbol
[[1;31mERROR[m]   symbol:   class ManyToOne
[[1;31mERROR[m]   location: class com.nanas.nanas.model.Carteira
[[1;31mERROR[m] /home/ubuntu/nanas-backend/src/main/java/com/nanas/nanas/model/Carteira.java:[24,6] cannot find symbol
[[1;31mERROR[m]   symbol:   class JoinColumn
[[1;31mERROR[m]   location: class com.nanas.nanas.model.Carteira
[[1;31mERROR[m] -> [1m[Help 1][m
[[1;31mERROR[m] 
[[1;31mERROR[m] To see the full stack trace of the errors, re-run Maven with the [1m-e[m switch.
[[1;31mERROR[m] Re-run Maven using the [1m-X[m switch to enable full debug logging.
[[1;31mERROR[m] 
[[1;31mERROR[m] For more information about the errors and possible solutions, please read the following articles:
[[1;31mERROR[m] [1m[Help 1][m http://cwiki.apache.org/confluence/display/MAVEN/MojoFailureException
